8/5BQ1/8/8/2ppPk2/3P4/1PP1K1P1/r5q1,g7f6|2K5/2RP3p/1k6/2N3P1/ppP4P/8/3r4/8,c5a4|4r2k/6R1/p3pBp1/4Pp1p/4pPq1/2QbP3/6PP/1rR3K1,g7e7|8/kP6/2K5/4N3/2B2p1p/8/6P1/2r5,c6c7|1R6/p6k/5K1p/b2B4/5P2/4r1P1/8/8,d5g8
8/1Q1nk3/1B5p/1P6/8/3P1NP1/5P2/5K2,f3e5|1k3r2/p7/2Q1P2q/8/8/3B4/Pb2KPPP/3R4,c6d6|8/2R2R2/kp1p4/p7/2P5/8/4K2r/8,e2f1|7Q/8/1k6/2p3B1/2P1P3/5P2/4B2P/K7,h8c8|4k3/3R2R1/p7/2P5/1p6/2Nb1p2/PP3PPP/6K1,c3d5
2bR1q1k/rp5p/6nP/4p3/p3PpP1/P1N2P2/BPP5/2KR4,d8f8|b1r4r/3QR3/pk1p1p2/p1q4p/2P5/8/6PP/4R2K,e1b1|k1q5/P3R3/1B6/3N3p/1K1R4/8/8/8,d5c7|r5rk/pq6/np1pPnp1/2pP4/2P5/2QBR2P/PB5K/8,c3f6|k6r/p4q2/Pp1QN2r/6p1/3Pp3/4Pn2/1PR4P/2K4R,e6d8
2Rrk3/p7/3p1p1p/n3rPp1/6B1/2Q4P/P1K4P/8,g4h5|1k6/p3Q3/1q5p/6p1/3p1p2/3P4/6PP/1rR1B1K1,e7e8|1k6/1P3n2/P7/2P5/6p1/K4p2/3B4/8,d2f4|n7/B1p5/2R5/2R3p1/3k4/5P2/PP3KPP/8,c5g5|1r2bqk1/6p1/1p2p1P1/p2p3R/3r4/2PB2Q1/1P4K1/8,h5h8
4Q3/1p4p1/pp3r2/5k1p/PP2R1qP/2PP4/5PP1/6K1,e4g4|6k1/5R1p/p5n1/1pp5/8/P1Q3B1/4r1KP/5R2,g2h3|8/1R6/4R3/2pB2k1/2P5/pP1r2P1/P4P2/6K1,b7g7|8/2kb2Q1/8/2B2pb1/2RRp3/q7/5KPP/1rn5,g7d7|3q3k/p4R1p/2p1Q3/3p2b1/1P1P4/2P4P/P4PP1/7K,e6f5
8/P7/8/2R5/1k2p2p/1P1pB1P1/5K2/8,a7a8q|3n1k2/3b1r1p/p7/3Q2R1/5p2/2N5/PPP2PPP/3R2K1,d5c5|r1b5/ppqp1Q1p/2n3p1/2kn2B1/2N2p2/8/P5PP/1BRR2K1,f7d5|8/5k1p/5B2/2b1Kp2/5N1Q/4nP1P/P2r2P1/6r1,h4h5|k3r3/3R1R2/8/6p1/8/6P1/P2N1K1P/8,d2c4
2k5/Q7/2p4p/8/3B1p2/8/PPq3PP/KN6,d4b6|8/4PR2/8/5ppk/5P1p/8/5PKP/8,f7f6|4r3/6Pp/1p1p1P1k/p1p5/P1P5/2rp3P/6RK/5RN1,f6f7|k2r4/1p4pp/p5b1/6Pn/8/1P5q/P6B/K1RR4,d1d8|2k5/p2r4/8/1Q6/1P1P1P1p/P1K5/2P2PPP/2R1R3,e1e8
8/p7/4RQ2/2p4k/8/5pP1/PP3P2/3q3K,h1h2|8/2Q5/7r/Qp1P1P2/p2p4/1k1P2K1/3q4/8,a5d2|8/2p1pp1p/6p1/2k4q/PR6/3P2Q1/2P2PK1/4R3,g3c7|8/5R2/5Q2/p4p2/4k3/1P6/P1P5/1K6,f6f5|3k4/5Q2/1p1p4/pr1B1p2/8/8/P1PK1P1P/8,d5e6
k4rb1/2B3pp/BPp5/2P2nP1/7P/1Pp2r2/1K6/R6R,b2c1|r4k2/ppqb3p/6p1/3B2P1/2PnRP2/2Q5/P1P3KP/8,c3a3|2k2r2/R7/1pP1pr2/1P6/1nNP2p1/7p/7P/6K1,c4b6|2R5/6P1/kp6/p7/7R/8/PP6/6K1,g7g8q|8/2RP2p1/k7/5p1p/2Pp3P/8/2b2K2/8,d7d8q
2R2B2/kp5p/5p2/pP6/P1p1p2P/2K1P3/7r/8,b5b6|8/6Pk/P1p2K2/2P2b2/8/2B1N1P1/8/8,e3f5|8/1Q3p2/1B3n2/3q4/1k3p2/1P6/K6P/3R4,d1d5|5n1Q/3q1k2/p5p1/1pbPB2p/8/2p1R3/8/4K3,h8g7|5r2/7k/5pp1/8/p2Q2R1/q5NK/8/8,d4d7
8/3q4/6pk/4Q3/6P1/4N1K1/8/8,e5h8|1k6/1pp5/4p1r1/p1P1QrPp/R4P1K/1P3q1P/P7/8,e5h8|3Q4/3rKN2/4Qnk1/8/8/8/8/8,d8d7|2Q5/k2K4/5P2/4P3/3R4/8/8/r7,f6f7|k7/p4R2/1p4q1/8/b3pQ2/7P/6PK/8,f4c7
3B4/8/7r/2K2R2/8/1P3Qpk/5p2/8,d8c7|2Q5/p6p/1pB1p3/5k2/8/1P6/P5PP/1K4NR,c8f8|Q7/8/1p6/n7/1k1Np3/q3P2P/5PP1/1KR5,a8f8|6k1/3R4/6P1/p4P2/8/6K1/r5P1/8,f5f6|1rn2k1r/R4pN1/4b3/8/2PR3P/8/P1P1B1P1/6K1,g7e6
r3rb1k/1p3pnp/1qpp2nN/p4Q2/2P1P2P/1P4P1/P5BK/BR1R4,f5f7|5r1r/p1N2k2/3Q1p2/2P4p/3pP3/3P4/q7/3KR3,d6d7|4Q3/5pk1/3p4/3Pb2K/2p4N/5PP1/7P/5q2,h4f5|r2b1k2/1pn4Q/pNqp4/3R1B2/P1N5/2P5/1P5P/7K,f5g6|8/p7/3B3k/5BR1/p4p2/2r5/8/5bK1,d6f4
2k2r2/pR2Q3/3p2p1/2pPpP2/2P5/3B4/PPK2q2/8,c2b3|Q4n2/1b3r1p/1pk2r2/pNp2p1P/2P1p1p1/PP2P1P1/K3BP2/8,a8d8|1k1r1r2/4R1R1/1K1p1p2/2pP2p1/P1P4p/5P1P/6P1/8,e7b7|8/5Q2/3p1p1k/5Pp1/4P1P1/8/8/1r2K3,e1d2|8/3N1p1k/5Q2/p3P1pp/7P/5PK1/q5P1/8,f6g5
5R2/ppp3pk/1b2Q2r/4P1pn/3P4/2P3P1/PP5P/R5K1,e6e8|1k2q2r/r4R1p/pp1p4/2nQp3/4B3/PP6/1BP3PP/1K6,d5d6|1k2r1n1/8/pp5p/5Np1/1n1Q2P1/2rP3P/1qPK2B1/2R2R2,d4b6|8/8/6R1/3BN2k/3P3p/4PK2/1P3PP1/7r,f3f4|k7/P1R2ppp/8/2n1p3/bP2P3/P3BP2/1KQ1N1P1/r6q,c7c8
r7/p1k4p/4Q1p1/2pPp3/2B1P3/6P1/P5KP/8,e6e7|8/8/5Q2/2p5/4N1k1/1P6/3K4/8,f6g5|8/2r3q1/p1Qp1r2/k1pPp1p1/1pP1P1R1/PP2KP2/3N4/6R1,a3b4|2k5/8/2PPP3/8/p7/P4KBp/6n1/8,d6d7|8/2pN4/k1Pp1P2/3P4/1PK2P2/8/5b2/8,f6f7
4rrb1/ppq5/7R/2kp2Q1/8/2P5/PPB3P1/2KR4,b2b4|8/p7/1p6/7p/8/1PK3p1/k1P1B3/6R1,b3b4|1k1qR3/6p1/1pQ2pNp/5P1P/2Pp4/1P1b1B2/6P1/r5K1,g1h2|3QQ3/1kpR4/1p2K3/8/2P1R2p/7q/1P5P/8,e6e7|6r1/2Q5/k7/pR6/3P4/8/PP1N2KP/R7,g2h1
8/2R3pp/1p3p2/1k6/8/1P2Q3/PB1r2qP/K7,e3e8|6k1/4q2p/n1r2PpQ/7N/p1p5/Pr1P3P/1P1R1PP1/6K1,f6e7|5R2/PPK5/4N3/4N3/8/6k1/8/8,a7a8q|1Q5R/3k4/2n1p3/p2p1b2/P2P4/8/1PP2P2/1K6,b8b7|6k1/1rp2p2/2q1p1b1/3p4/3P3Q/2P5/5PPP/R5K1,a1a8
8/4k3/1pp5/p2Q3R/8/7p/PPP5/1K6,h5h7|8/8/4P1k1/7p/7P/8/1B6/4R1K1,e6e7|8/1PK5/k6p/8/6P1/6P1/8/8,b7b8q|4Q3/3B4/5k2/5p2/5p2/8/6pP/3R2K1,d1d6|4q2r/kp3R2/p2p2p1/3B2bp/4P3/8/PP4PP/2R4K,f7b7
3krQ2/pR3B1p/1n1p1bp1/Nq1P4/1P6/5PP1/7P/6K1,f8d6|k7/7R/1p4p1/1K2B3/1pPP2P1/4b3/P2r4/8,b5b6|3q1r2/pb1k1pR1/1p1N4/4Q3/4P3/8/P3r1PP/5R1K,g7f7|3Q4/4qN1p/6p1/5P2/4q2k/8/4BP2/2R3K1,d8e7|8/1Qp4p/4p3/P7/kp3P2/6P1/P1PPP2P/1KR3R1,a5a6
2q1r3/2r4k/2p2Rp1/1p4Q1/3PP1P1/1P6/P7/1K6,f6g6|6rk/ppq3rn/2p4R/2P2Q2/3P3R/1P3P2/P5PP/6K1,f5f6|2kb2Q1/r3P2p/2b3p1/p1p3q1/8/2P2P2/6PP/4R1K1,g8d8|3Q1R2/2p3pp/5b2/8/2P2kP1/5P2/1P4K1/8,d8d5|4k3/8/1N1PPK1P/p7/8/P1Pb4/1P6/8,e6e7
8/5P2/p1R5/kp6/3p4/3B4/r1P1K3/8,f7f8q|6Q1/1R6/3k4/8/2p1PP2/p1P1K2r/P7/4R3,e3d4|1r6/p5R1/2pQ4/1p6/2r2n1k/8/PP2P3/1K6,d6h6|2k5/5R1p/1pp5/2q1r3/5Q2/pP1P2P1/P1P4P/2K5,f4g4|8/kp6/8/1p2Q3/2B2P1N/2N5/PPP3PP/R3K3,c3b5
Q7/8/7P/8/4bk2/4R3/2N2P2/6K1,a8e4|1kr4r/R1p3b1/q5pp/4p3/8/3P2P1/PPPB1QBP/1K2R3,a7a6|3r1k2/QR3q2/7p/4p1p1/2PpP3/P2B4/5PPP/6K1,b7f7|8/p3P3/8/6P1/Pr1p2P1/K1k5/2P5/3RR3,e7e8q|1k6/6R1/8/PP6/2P4p/8/5KPP/8,a5a6
1r2r1k1/2R4R/6p1/p2P4/2B1bP2/6P1/Pp1K3P/8,d5d6|1R6/8/6P1/4N2p/3p3P/8/3p4/k2K4,g6g7|4Nn1k/pp1nQ3/7p/2p5/3q4/6RP/6PK/8,e7f7|4r3/Nkp3p1/1p5p/4pp2/8/1q1r1P2/6PP/R1QR1K2,c1c6|1R3R2/p3p3/k1p5/7p/3Bp3/rP2P2P/2P5/1K6,f8c8
1r1r3k/1b4bP/p1qPB1Q1/1p2p3/8/1N3P2/PPP5/2KR3R,g6g7|rn2r1k1/p1pqb3/1p5Q/4pp2/4P3/2NP3B/PPPB1P1P/1KR5,c1g1|R7/2Pk1p2/7p/3p2p1/8/PK4B1/6rP/8,c7c8q|3R4/3R3P/4k3/1P6/2P1r3/8/6PK/8,h7h8q|3Q4/8/8/2p2N2/p5P1/1k6/8/3R1K2,d8b6
k7/p4R2/8/N7/4P3/3P2P1/PP2Q1P1/1K5r,b1c2|5K2/4N3/5R2/4Q3/8/3k4/8/8,f6d6|8/p1p1RR2/7p/2p3p1/P6k/8/6PK/8,e7e4|8/3P4/8/p7/1p6/1k3p2/6PK/Q7,a1d1|2Q5/8/8/1k3B2/2p5/p1P2P2/P5P1/2K5,f5d7
3r2k1/5Rp1/p5Bp/1b1prN2/8/2p5/P5PP/5RK1,f7g7|7k/p4r1r/2pnpPR1/2p4p/3p1P1Q/1P1P4/P1P3PP/6K1,h4g5|7k/3Rr2p/5p2/p1b2p1Q/P1B5/1P4PK/5q1P/8,d7d8|1k6/p5pp/1p1N4/8/6PP/P2Pp3/2Br4/K1Q5,c2a4|4n3/p1p2ppp/kp2r1b1/3Q4/8/1P1P4/PBP3PP/1K3B1R,d3d4
r3r2k/1p1nPQ1n/p1p5/6p1/3RN3/7P/PP4PB/7K,d4d7|6k1/4R3/pp4N1/3p2K1/2pr3P/1P6/P7/8,g5f6|6k1/1R6/4p3/2B1PpKP/8/2n2r2/8/8,g5h6|4kn1Q/p4p2/1p4p1/4PN2/q4r2/7P/P5PK/2R5,h8f6|3R4/5p1k/5Qpp/2p5/8/6KP/6P1/4q3,g3h2
6k1/p5p1/2pN3p/1p3Q1P/8/b7/2P2PP1/6K1,f5f7|8/7p/pp1NR1p1/4N2k/2P5/4K3/PP3PPP/4R3,h2h4|8/7k/p6p/1r1P1p1P/3Qpq2/1P6/P7/1KR5,d4a7|3R4/k1p3p1/pp6/6p1/6b1/1PP1Q3/PK6/8,e3e5|k7/3b4/pQ1P4/7q/P1N5/1PK5/7P/8,b6d8
6k1/R4R2/5p2/3p2p1/2bP2P1/2P5/5rPK/8,f7b7|2r4r/1k1N2b1/pB2B2p/1p3Pp1/2p5/3Q1N2/PP3PPP/1K1RR3,e6d5|6Q1/4k3/3rpp1p/3pN1p1/3Pn3/B3P2P/5PP1/1b4K1,g8f7|1k6/1bp1bq2/1Q5p/1p2B3/p4PP1/8/1PP4P/1K1R4,b6c7|3Q4/kp6/p1pp4/4p2p/P1N1P1p1/3P3n/KPP4P/7q,d8b6
2R5/8/8/1pP3Q1/4k2K/1P6/P1n1p1NP/7R,c8d8|8/1k6/p6p/B7/B4p2/8/PPP5/1K1R4,d1d7|3Q4/1p5n/p1p2p1p/4pP1k/PPq1P3/6P1/3R2KP/8,d8e8|4q3/6R1/p1k4p/P2RBp2/2rP4/1Pp5/2P5/1K6,b3c4|6R1/p2r3p/1p3Rnk/8/3p2Pp/1P1P4/PKP5/8,f6f5
1k1r3r/1pN3q1/1Qb3p1/1BN1p3/3n2P1/1P5P/P1P5/1K1R4,b5c6|1n4k1/r7/1p2N1BP/3P1Q2/2q5/7P/1B1P4/1RK4R,b2c3|3r2k1/4R2R/2p3p1/p5P1/8/P1B4r/KP6/8,h7h3|4Q1qk/8/3r1R2/p6r/7P/1P6/KP6/8,e8h5|8/2R4p/1Rn1kr2/p3P3/3PPp2/8/P1P3r1/6K1,g1g2
8/8/8/4PQ2/2p5/2K5/4k1P1/8,e5e6|1k6/p6R/3K4/1PP5/1P6/6r1/8/8,h7h8|7R/k7/3N4/2P5/1P2P3/1K4n1/6rp/8,b4b5|Q7/1Qb5/2pk4/8/3p4/P7/KB1q4/8,b7c6|4q3/2QN1k1p/6pP/6B1/8/5P2/1Pn2PK1/8,d7c5
rB1R4/2P1Nppk/5n1p/pp6/1n6/8/6PP/6K1,c7c8q|1r4k1/1q6/7Q/4P3/8/1P1P4/7P/1KR2R2,f1g1|8/2P2B2/3Q4/8/7p/P2P4/4k2P/2K5,d6f4|k7/7Q/3Q4/1P6/8/2r4K/8/8,h3h2|8/1k1PRp2/pB4p1/4p3/6P1/5b2/PP4rr/5K2,d7d8q
6Q1/5P2/8/1p1k4/8/P7/1K6/8,f7f8q|5rk1/1R2Q2p/5p2/2Pp2p1/2bq4/8/6PP/4R1K1,g1h1|1B1r4/2QP1k2/8/8/4P1K1/4R3/5P2/8,c7d8|4q3/8/k1rpP2p/pr1N1Rb1/3B2p1/1P1Q2P1/2P1P2P/1K6,d3b5|k2r4/1p3B2/2b5/p4Q2/3B3q/P3P3/5RPP/6K1,f5a5
8/8/2k3p1/2PNK3/1R1P4/4P3/1pr5/5n2,e5e6|1k6/pNp3q1/1nQ5/8/3p4/1P1P4/PKR3P1/6r1,b7a5|3r2r1/3k1p1p/p2N4/1pQ5/4N1p1/1P6/P1P4P/1K6,c5a7|3kr3/5RR1/8/8/p1P4P/8/P7/5K2,f7a7|8/2k2K2/4Q2p/6p1/1PBP1pP1/5P1P/8/8,e6e7
rrk5/p3R1bp/5Rp1/6B1/B6P/6P1/Pq3P2/6K1,f6c6|Q5R1/2P4p/6rk/1N6/3K4/8/8/8,c7c8q|6k1/1pR2r2/6p1/p4p1p/3Q4/1P6/P5PK/8,d4c4|8/8/2Q3Pk/3R4/5p2/7p/7P/6K1,c6f6|6r1/r5p1/3N2pk/1R2B3/5P2/8/5PKP/8,b5b3
3r4/p6k/3q2Np/4p3/6Q1/8/PP4P1/5RK1,f1f7|r1kr4/pp4R1/2p3R1/Q2p1p2/8/1P1PP3/P1P5/1K5q,b1b2|k2r2r1/1R6/p6p/2R1p1p1/8/2PP2P1/P1K1P1BP/8,b7b1|3k4/2p5/2BpR3/2p5/1pP4p/rK5P/1P3r2/4R3,b2a3|k2r4/1p3pp1/1P3n2/4rb1p/1Q1p4/3PP1PP/2PK1PB1/8,b4a3
3R4/bp4kp/4R1b1/prPB1p2/8/1P1P4/2KB1PPP/8,d8d7|4Q3/6kp/3R4/p1p5/P1P2qPb/8/1P5P/7K,d6d7|1kN2R2/1prr2pp/p7/P2pp3/8/1pP1P2P/3K2P1/1R6,c8b6|r1q1rb1k/1b3p2/1npBnN1p/8/1p2PP2/1P3BP1/2Q4P/3RR2K,e4e5|8/5bp1/2Q5/5pk1/2p5/P1P2P2/1P2K3/7R,f3f4
7Q/pp1k4/5BBp/2q4P/1n2Pb2/1P3P2/P7/1K6,h8e8|4q3/1r5k/p2pN1pn/1ppPp3/7Q/P2P1R2/1PP4P/6K1,h4h6|1k6/8/6p1/1K1p1pP1/5P2/1PQ1P3/8/7q,b5b6|2r3k1/5p2/5Bp1/pp1pR2p/1qp2Q1P/8/P4PP1/6K1,f4h6|8/3KP3/7k/4B3/3P1R2/6P1/3r1PP1/8,f4h4
8/5p2/8/1n1Bp1qp/1r2P3/1pk5/5QPP/3R1K2,f2e1|4k3/B7/8/4pB2/8/5K2/P7/7Q,h1h8|7Q/kppq3p/p3b1pn/8/2P1BBP1/PP5P/K1P5/8,f4e3|4R3/2q5/p4p2/1p1k1N1Q/2r2p2/6PK/PP5P/8,f5e7|8/pQpqB3/5p2/k7/PN1b1P2/1P6/K1r5/8,b4c2
8/8/3p4/2p5/2P2P1p/pP5P/2Q3K1/k7,f4f5|6Q1/3Np3/3p3k/4Pp2/P1Pb4/3B2P1/3q1P1P/5K2,g8f8|8/2kn4/Q3R1q1/1BBb4/P2P4/KP3r2/5r2/4R3,a6d6|6k1/6p1/4P1Qp/3P3P/1B6/4P3/5KP1/1q6,g6b1|3kb3/rB3R2/P1p1P3/2Kp4/1p4p1/1P6/8/8,c5d6
4k3/8/3Q2p1/p3B3/1p3P2/8/P1P2KPP/7r,e5f6|1n2Q3/6R1/p5pk/1p1p3p/8/3q2P1/7P/5R1K,g7h7|1k2r3/pp1RPn1p/2p3p1/2P5/4P3/5r1B/PP5P/1K1R4,d7d8|5k2/7R/r2P1P2/1p2BK2/8/p7/P7/8,d6d7|2R5/p1p1N3/kpBpn1r1/4p3/1P2P3/2P5/PK4p1/8,b4b5
2Q5/1p6/pp1p4/7p/k2r1R2/8/1PP3PP/1K6,f4d4|4r2k/2b4p/p1q2p2/1p3P2/4b1RK/P3Q3/1P5P/6R1,e3h6|2k3r1/5Q2/6p1/1N1p4/P6q/1P6/5PPP/2r2RK1,f1c1|8/8/P2N1P1k/5K2/8/8/8/8,a6a7|2Qn4/2R4p/pk4pq/4P3/P4P2/8/1K5P/5n2,c8b8
6k1/1R6/6K1/3Nb1P1/2r5/8/8/8,d5f6|r4qk1/3r1p1p/2pP1B2/1pP1pR2/p3P3/P2Q2P1/1P5P/7K,f5g5|2b1r2b/2p2R1B/1p1qN3/1P1p3k/3P4/4B2p/6PP/6K1,f7f5|2k1n3/4P3/2PP4/2K5/8/8/8/8,d6d7|Q7/3k4/1K1P4/8/8/5n2/8/4B3,a8e4
2r3k1/r6p/bq2NppQ/p1pB4/Ppp2P2/6PP/1P3K1n/R2R4,e6f8|4r1q1/kp1R4/p7/P2N4/4Q1pN/6P1/1P6/2R4K,d7b7|3rk3/4b1Qp/8/1p2B3/2pP4/P1P5/5PPP/R3R1K1,e5d6|6R1/k7/Ppp2p2/2b4p/4p3/1Q2n2B/2Pq3P/1K6,g8g7|2R5/p2r1pk1/5b1p/7P/1P1N2n1/4P3/2B1K3/2B5,d4f5
7Q/8/2k5/4Bp2/5P2/PP4P1/8/1K6,h8c8|4k3/2r2pQp/p4BnP/2pBn3/2Pp4/3P4/P3q3/KR6,g7g8|5rk1/p3R3/5pN1/n5Kp/2p5/2Q2PP1/P6P/5q2,g5h6|3r3r/1kp5/3p1pq1/QP2p2p/8/3PP1Pp/2P2P1R/KR6,a5a6|3Q4/p4pk1/qp2p1p1/4P3/1P6/6Q1/P1rp2NP/3R3K,g3h4
kB4R1/1p6/p1p1r3/2P1p2p/4Rr1P/2P5/PPK2bP1/8,b8c7|6rk/pb6/1pprqN1p/5p1P/5P2/1P3B2/PB4Q1/R5K1,f6g8|6k1/5p1p/p4qp1/2Bp1r2/4b3/P4BQ1/5K2/3RR3,g3b8|r4r2/6R1/1R3p1p/2Np1k2/P2B4/6PP/4bPK1/8,g3g4|1qr3k1/pbr3pp/1p1Np3/nP2Q2N/P5P1/5PK1/2R4P/4R3,c2c7
R7/p5k1/1p6/3pPP2/3P1K2/8/PP1N4/8,e5e6|R7/8/1p3R2/pq1p3r/4k3/P1Q5/1PP5/1K6,c3f3|6R1/3k3p/r3qp1N/2Q5/5P1P/1p1P4/nB6/1K6,c5c8|8/5n1k/qpQ1N2p/3P4/p7/P5PP/5PK1/8,c6c2|5r2/1p2k1bQ/pB4Bp/3Pp3/8/2N4P/PP1K4/5q2,h7g7
5R2/k1NBN3/pp1n4/7p/3P3P/4p1P1/PP1r4/KR6,d7c6|rn1qr3/p3kp2/1pp4Q/4PBR1/2P5/4B2P/P1P3P1/1R4K1,g5g7|k2b2r1/P7/1p1p3q/1NpP1p1p/QP2p2P/2P1P1r1/3K4/5RR1,b5c7|4r3/6k1/p2R2p1/1p3p2/1Pq1PQ2/P6R/5PPK/2r5,f4h6|1r6/3K4/1kPP3p/3R2p1/6P1/P3P3/P1R2P1P/8,c2b2
2n5/5p2/4b1pk/4Q3/7p/3B3P/5PP1/3R2K1,e5h8|3Q4/rkp4r/1p1p3p/pq1Pbp2/4p3/4P3/PPR3PP/1KR5,c2c7|5r2/1k5p/1Nnp2p1/1QnN4/7P/8/1PP2r2/2K5,b6a4|1rr1b3/p1q5/4pQpk/1p1p1p2/3P4/2PB4/PP4P1/4RRK1,f1f3|1R6/P1p3k1/3p3b/3PpQ2/2P1P1Bq/r6n/8/6BK,f5d7
2Q5/2p1k2p/3p2p1/p2P1P2/2P1K3/Pq2P2r/8/6R1,f5f6|1k2r3/p2PP3/2b3p1/5p1p/np1q4/5Q1P/P2B1PP1/3R2K1,f3c6|4rR2/pp1bQ3/6qk/2pBp3/3b2P1/2N5/PPP4P/7K,e7h4|2r5/1p1q1p2/3P4/4kp1p/4p3/1B6/PP1Q1PrP/1K1R4,f2f4|8/3R4/4R2p/1r5k/pBp2p2/2Pb1PP1/P6P/6K1,g3g4
3Q4/1k5p/2p3b1/2P3P1/8/1BKp4/3P4/5q2,d8b6|1r4k1/4rp2/3p1Qp1/3P3P/1p2P1q1/1Pp5/P3R3/1K3R2,h5h6|7k/4n3/4N1P1/4PPK1/8/8/8/8,f5f6|3q3r/6Qp/5n2/4p3/5k2/5PN1/5P1P/R5K1,g7h6|3r3Q/2qrk1p1/bp6/p2p1B2/P5R1/1P5P/1B3PP1/4n1K1,h8g7
5k2/3K4/p4Pp1/1pb5/8/1BB2P2/8/8,c3d2|8/1pR5/k1b5/2Qp4/pPn1p3/P1q3PB/K1P4P/8,c7c6|8/8/1PK5/8/8/5Q2/6pk/8,b6b7|1RQb4/6nk/3p2p1/8/7p/2BK4/8/8,c8d8|8/p5Bp/k4P2/n3b3/Q7/8/PP6/K1R5,c1c6
8/2RP1k2/5B2/1PK4p/2P1pP2/1q6/4r3/8,d7d8q|7Q/8/6R1/8/3p4/P2k2P1/8/1K6,g6e6|3k4/P5R1/2p1b2p/8/1r3B1K/6P1/5r1P/R7,a7a8q|k7/5p1R/q5p1/4P3/3n1P2/1Q1P4/B7/K7,h7h8|5r2/1p1R3p/5Np1/p1Q5/q1P2k2/4p3/2P2n1P/2K3R1,f6d5
5k2/p1p1q3/6Qp/8/1p5P/8/PPP5/1K1R4,d1f1|1r3r2/7k/pp3Bb1/2q1p3/P7/2P3Q1/6PP/3R3K,d1d7|6R1/kbp5/1p5p/4P3/3N1P2/2pP4/P1P2q1P/1KQ5,d4b5|rn2Q3/2p5/1k2p1nb/p1r1Pq1p/P2PN1p1/5pP1/1PR2B1P/1K2R3,d4c5|8/P1k5/2P5/4K3/Pp1P1p1P/2b2B2/6P1/8,a7a8q
5bk1/3q2n1/p2p3Q/2pP2p1/2N3b1/8/PPB4B/6K1,c2h7|1r2B2k/3RQ3/8/4b1K1/4P3/4P1r1/8/8,g5h4|k2r4/1b1rq1p1/BQ3b1p/P4p1P/4pN2/1P2p1P1/2R2P2/1KR5,a6b7|r1b1QNk1/pp4p1/3p3p/8/4N3/3n4/1q3PPP/2R1R1K1,f8d7|4k3/R6p/8/2P1P3/1P2B3/6Q1/1B6/5r1K,h1g2
6k1/1R4n1/6p1/p7/P4PN1/3rP3/2R4P/6K1,g4f6|1r4k1/1q6/6p1/4Q1R1/pr6/8/PP6/K1R5,g5g6|2r3k1/1b1N2p1/2r1p1PR/2b1Pq2/3Bp3/2P5/pP1Q4/K7,h6h8|R7/7k/4NK1p/5P2/8/8/2r5/8,e6f8|4r3/k7/1n2q3/3p1pp1/3P2P1/1P2r2P/2PK2BQ/4R3,h2c7
1Q6/8/4R3/3P2k1/2P1p3/4K2p/4P1p1/5r2,b8g3|2r5/7R/1R6/r2p2k1/3n4/6N1/5PKP/8,h7h5|8/5kN1/4R3/p1p4p/8/2B5/PPP2PPP/3R2K1,d1d7|8/k6p/p7/8/8/3P1B1P/2q3P1/4QK2,e1e3|rn3b1k/5q2/p1p2PRp/1p3Q2/2p1B3/8/PP3P1P/3R3K,g6g7
6bR/1p1r1k2/p1q4p/3p1Pp1/1P1B2P1/P6P/2P5/4Q1K1,e1e5|5k2/2P5/8/1p1pP3/1P1P3p/p4N2/P3K1PP/2R2R2,c7c8q|4R2R/kp6/p2p4/3P1r2/1PP2p2/1P6/1K3Pp1/8,c4c5|4k3/p1Q4p/1p3P2/8/3P3N/7P/Pr3K2/8,f2e3|3k4/5p2/3P2qp/p7/5Pr1/P4QP1/6K1/2R5,f3a8
5r1k/p4r1p/4Qp1B/2R5/1p1q4/8/5PPP/4NK2,e6f7|r1k5/p3RN2/6r1/2P2Rp1/7p/8/6PP/6K1,f7d6|3rk2r/RQ3p2/1p2p3/1P4p1/2qP3p/2P4P/4nPP1/5RK1,g1h2|8/1RP1Bp2/5N2/3P4/3k4/8/3r1PPP/2R3K1,c7c8q|3q3r/pQ3n1p/5kp1/2R1N3/1p1P4/4b1N1/PP4K1/8,b7f7
r2b2k1/1q1n1p2/4P1nB/pb3p1Q/1p1P3P/6P1/PP5N/2R1R1K1,e6f7|8/bp3p2/p1p2R2/P3k2p/1P2P1rB/2PP2P1/8/R6K,a1f1|r1r1b3/p1p1b2k/4B2p/2P2P2/8/4P3/PB5R/K1R5,c1g1|2k4r/1p4q1/pP6/4p3/2P1P1rp/5Q2/P2R2nP/3R1K2,f3f5|2r5/p2b3p/8/3k4/1Q1p2q1/6P1/P4P1P/2R1R1K1,b4a5
4r2k/3n2Rp/1p1qp1pP/p7/P1P1Q3/3p4/1P4P1/1K3R2,g7h7|1R6/8/1R2p3/k7/r7/8/PKP5/8,b6b3|2k5/3R4/1p1p1p2/pB1N4/P2P1P1p/4K1pP/7r/8,d5b6|8/p5k1/4Q3/2p2P1p/8/6P1/PPP3nP/1K6,e6e7|b1r1nr1R/2qn4/1p1p1kPQ/pP1PpP2/P1N1P3/8/2B5/2N3K1,h6h4
4k3/4P3/4K3/1P4pp/P6P/P5P1/8/8,h4g5|8/1R1P4/P1k5/7p/1P3p2/4p2P/r5P1/6K1,d7d8q|6R1/5P2/7p/2P4k/1P6/2K5/2P5/6q1,g8g1|3Q4/8/4p1kp/Q5p1/8/3n1P2/5P1P/5K2,d8d3|7k/2q4p/4P2P/6Q1/8/6PK/8/8,g5d5
1n2qrk1/p7/1p1p1Pp1/2pPpNP1/P1P1P3/2P4Q/6K1/8,f5h6|2qrk3/p6N/1p1n1Q2/2pP4/2P1P3/1P1BB3/P4K2/8,f6f8|7Q/1p2rk2/p2bp3/3p4/q2P4/2R3P1/PP3P1P/6K1,c3f3|5k2/1p4pp/p7/7Q/3B4/1P2P1qP/P1P2rP1/R1K5,d4c5|6Q1/1p6/2kp4/4p2Q/1P6/P7/K6P/8,h5f3
2r1n1k1/q2nBp1p/p1b1p2Q/6P1/1P3PN1/4p3/P5BP/6RK,g4f6|6rk/4NR1p/1Q6/6q1/1p1p1p1r/1P5P/1P4P1/7K,b6d4|6Q1/1prk1p1p/5P2/2r1pP2/8/8/P4P2/1R4K1,g8f7|2Q5/p3R2p/1kpp4/1p6/3P4/6K1/1PP3r1/8,g3g2|8/6qb/p4r1p/1k1B1p1P/3Qp3/1P2P3/2PP3P/1K6,c2c4
8/1p3P1B/p1p5/2Pk4/8/2K5/P7/8,f7f8q|Q7/1K3k2/7p/2B2p2/5P2/7P/8/8,a8f8|8/8/8/8/3Q2p1/6P1/2p1KP2/1k6,d4b4|q2r1k2/1R4rp/p2p4/2p1Pp2/2P4Q/8/P5PP/1R5K,h4f6|6k1/2r2p1R/pp2b1p1/2p5/6P1/P7/1PP5/2K4R,h7h8
6k1/2r1p3/7Q/p7/P2q4/4R3/5PP1/6K1,e3g3|5r1k/7p/1p2pPp1/p3P3/1bPP2Q1/4P3/7R/q4BK1,g4g6|7k/2R4p/5Nb1/6rP/1pK5/8/8/8,h5g6|8/8/p4kp1/N5N1/4R1P1/8/PPP2P1P/1K1R4,f2f4|8/k7/8/5p2/PQp5/2P2pP1/5P2/5K2,a4a5
8/Q7/8/2rB4/1k3P2/8/PP4PP/R4K2,a7b6|2Q5/6B1/8/pk6/1p6/7R/2p1K3/6r1,c8d7|8/1P4pp/Q7/5kp1/3p4/3Pn2P/P5P1/6K1,b7b8q|3r4/2R3pp/5p2/pkB1P2b/q3P3/5P2/3Q2PP/3R1K2,d1b1|2RQ4/4rk2/p7/1p2pp1p/6qP/4P1P1/P4P2/6K1,d8f8
3Qb3/2p3kp/6p1/pq1B4/6P1/1p4P1/2p2P2/4R1K1,d8e7|1r5r/2Q5/knR5/8/p1P3B1/Pb6/6PP/K6R,g4e2|8/7K/8/2P5/p2NQ2P/P7/5k2/8,e4f3|8/8/5BP1/7K/8/5Q2/3k4/8,g6g7|1r2r1k1/5p1n/p2b1B2/2pB4/Pp1P4/7Q/1PP1q2P/K1R5,c1g1
8/1k6/2nP3p/1P3Rp1/2p5/Pb5P/1K3B2/5B2,f1g2|1r6/kbQ1P1p1/pp2N2p/q7/2p2P2/5B2/6PP/1R4K1,e7e8q|1b3r2/1k1nq3/2R1b3/BpPp3p/N2Pp3/1QN1P3/P6P/KR3r2,b3b5|k7/2Q5/7p/p2b4/6n1/P2Pr3/6P1/2R1R1K1,c7c8|3Qn1r1/kb6/p6p/2p1B2R/P1pP2p1/4Pp2/2P5/3K4,e5b8
6r1/5p1p/pkp2Q2/7p/1P1RP3/1PP5/2K4P/R7,a1a6|1r4nk/pp2R2p/5qp1/4Qb2/3P4/5NP1/P6P/5BK1,f3g5|7k/2r2rp1/2p4p/Q6N/3PpN2/1p2P3/1K4R1/5q2,a5a8|6k1/6pN/P7/6N1/5pPP/1npK4/8/8,a6a7|1kB5/p1p3p1/2Qp4/2pPb2P/8/5K2/Pr6/8,c8a6
1k6/8/2K1p1p1/2B1PpPp/7P/R7/8/3r4,c5d6|5r2/p7/kp3R2/4N3/1P1P4/2P2B2/2PK4/8,f6f8|1r4kr/ppN2R2/4Bb1p/4R3/2P5/8/PP3PPP/1K6,c7d5|2rrk3/p5R1/1pn4p/1N1p4/1P2p2P/P3P2B/1B2n3/1K3R2,h3c8|8/kp3R2/3p4/p5n1/3PK1Q1/2P5/P6P/8,g4g5
1k6/p7/8/1KN1bR2/1P5r/8/6R1/3r4,g2g8|7Q/6R1/8/6P1/1p1K2k1/P7/P7/8,h8h2|Q6b/2k5/3p4/1BpP1b2/8/R1N4p/5PK1/8,g2h1|5rk1/p3b1r1/1p1q4/2n1pPPQ/2PpP3/3P1R2/P2B3R/6K1,g5g6|8/2N5/Q5pp/1Nk2p2/5P2/6P1/3p2KP/8,a6a3
2R5/p4Q2/6pk/8/3Pn3/P3q2P/1P4P1/7K,c8h8|8/1R5p/5kp1/4p3/4Pp1P/4rN2/5KP1/8,f3g5|5Q2/p7/4r3/8/kp6/6P1/PP5P/K4R2,f8c5|6Q1/r7/2p5/2P3Bk/p7/5P2/2r3PK/8,g5f4|q5r1/1kP5/p2B4/2Q4b/3P4/PP6/2P2PP1/K3R3,c7c8b
r3k1nr/p6p/3Q3b/4N3/6q1/2B2p2/PPP3PP/4R2K,e5g6|k3N3/1p6/8/pP2R3/4Q3/6Pp/1q5P/2R3K1,c1c8|q6k/p2Q4/1p3p2/4bNrp/8/P5NR/5P2/6K1,h3h5|1rb4Q/4r1q1/5kp1/3Bp3/1pp3P1/7P/1P6/4R1K1,h8h4|7k/np3R2/p2pB1pp/2rP4/6NP/2P1b3/KP6/7R,g4f6
n4B2/3N3k/1p2p1p1/p2pPn2/P2P1P2/1P3N2/5K2/8,d7f6|3k4/4p3/1p4P1/p1q1BQ2/2P4P/3P4/1P3P2/1K4NR,g6g7|1knr4/2pp2bp/1P2p1p1/2N1P3/5P2/6P1/PR5P/1KR5,b6c7|1q2rbk1/1p1r1pp1/p2p4/P2BnPPQ/1PPB4/8/7P/5R1K,g5g6|5N1k/p5p1/5n1p/1p2N3/3P4/4P2P/PP3PP1/2R3K1,f8g6
8/8/pKP2Q1p/6pk/1P5r/P4R2/8/8,c6c7|4k3/6R1/2p1N3/3p1P1p/8/rP5r/P7/1KN5,f5f6|3r1k2/pp5Q/3p2p1/2pPp3/2P1r1N1/1K6/PP6/8,h7h8|3r4/k5b1/1p5p/p1NB4/P2p2pP/1P1P2P1/1KPq4/5R2,f1f7|2K5/kp3p2/p5p1/P2rp1P1/1P1P4/8/8/2Q5,c1c7
2Q5/pp3R1p/3b2pk/3p4/8/PP1q4/K7/5R2,f1h1|k1r5/1p2R3/p7/P1P1Q3/8/5PP1/1P5P/6K1,e7e8|1Q6/4kpp1/6p1/1Bp1P3/1P1Pq3/p1P5/P7/1KR5,b1a1|2K5/8/1P6/6p1/8/3R4/4Qqkp/8,e2g4|2br1r2/k7/1p5p/1pP3p1/4B3/2Q1R3/2PP3q/2K5,c3a1
5b2/p3p1kn/4Bq2/2p3p1/8/2BP4/PPPK2Q1/7R,g2h3|8/8/3QPk2/8/1pR5/7P/1K6/8,e6e7|8/7p/1R1Bkp2/PK4p1/P2Qp1P1/4P3/3P4/1rr5,d6b4|R6Q/5p2/6k1/N2P3p/6p1/P3Kn2/2r3P1/8,e3f4|2b5/1p2qn1p/4N3/3k2p1/p5P1/P1Q5/1P3P2/1B4K1,b1a2
k7/1pQ2P1p/p1p3p1/5bP1/P3p2P/1PR3N1/1KP5/3r2q1,f7f8q|Q2rk3/p6p/6p1/3BPp2/1P3P1P/P5P1/4K3/8,a8c6|8/3r4/8/7p/1R2Q3/8/3kp2p/7K,b4b2|7R/p1R3p1/1r2qpk1/8/8/QP1P2P1/4P1B1/1K6,c7g7|8/p7/k1p1r1p1/P1Q4p/KP2r2P/8/5RP1/8,f2f7
8/3KP3/5k1p/7P/5P2/3N4/8/8,e7e8q|8/2p3k1/6p1/1p1p4/1P2pP2/5qPR/3Q4/6K1,d2d4|7Q/3k4/1Rr5/4p1p1/4P3/5B2/1p6/2b4K,f3g4|k7/1R6/pPr5/8/3P1Pq1/2K3P1/6Q1/8,g2c6|1r6/q7/4k3/4p3/Pp6/8/2Q3PP/3RR2K,c2g6
8/4P3/1kpK4/1p3B2/pP1P4/2P5/8/8,e7e8q|1k6/6R1/8/1K6/8/2P2Bp1/4P3/8,b5c6|6r1/q3p1k1/1r1pP1p1/2pP1p2/ppP2P1Q/1P5P/P6K/3R2R1,g1g6|2Q5/p4prp/5k2/8/8/1B1r1N2/PP3qPK/4R3,c8c6|1r1k4/2R4p/3P1p2/p4N2/1p5N/8/PKPR2PP/8,f5d4
6R1/ppr1k2p/6r1/1Pp2RN1/4P3/P7/2K4b/8,f5f7|8/1PP5/6Q1/k3p3/3p4/2rP4/PK6/8,b7b8q|3n4/4R3/1R1B2kp/3r3b/4p2K/8/5P2/8,d6e5|2kr4/RR6/p1p5/8/4B2p/1P3P2/PKP2r2/8,e4f5|2r2rk1/1p1q3p/p1bn1Qp1/5p2/3Bp3/3pP3/P2R1PPP/2RB2K1,d1b3
1r3k1r/1Pp2pp1/p5p1/q7/B4R2/4Q2P/PB3KP1/3R4,f4f7|3K4/6k1/1R1Q1p2/5bpp/8/6P1/5P1P/8,d6f6|1r6/p1p2R1p/2p5/2Q5/3Pp3/4P1P1/2qk3P/5BK1,f7f2|8/2k5/4Qp2/1R5p/Pp6/8/KP1q4/6r1,b5c5|8/p7/1kp1Q3/2q2p2/P6B/1P6/K1P5/8,h4d8
8/7P/R7/4k3/P4p2/5P2/3p1P1P/3K4,h7h8q|6k1/3B4/1p2PK2/p7/P7/8/8/8,e6e7|6Q1/8/3R4/1p6/2p2k2/3p4/8/7K,d6e6|R7/8/7p/1p4p1/pkP5/3Q4/3K4/8,d3d5|8/6p1/8/1B6/3R2Pr/1R6/1P3k2/1K6,d4d2
8/1Rp1k3/3p4/3PpQp1/2qb2P1/3n2K1/5P2/1R6,f5e6|8/1R4pp/p7/k1N1p3/P1P5/K5P1/R1nr3P/8,a2c2|r3N1Q1/pp3r2/2n1k1pp/3R4/2P5/B7/PP3qPP/7K,g8g6|2k2r2/2q2P2/1pQ4p/2n5/8/2p2B2/6PP/3R1K2,c6e8|1k6/pp1QP3/4K3/PP1P4/8/8/8/4r3,e6d6
2b1k2r/1p6/p1p2PP1/4p3/P3P3/1PP2B2/1K1R4/8,g6g7|3B1n2/pp4kr/2p1B3/8/2P2P1p/7Q/Pq5P/4R2K,e1g1|8/n1qbb1k1/3ppRpr/p5P1/1r2P1Q1/1PN5/2PRN3/6BK,g5h6|2k5/4R3/2Np1p1r/1pP2p1b/p4K1P/P7/8/8,c5d6|k6r/3R2pp/N7/1P2pp2/pP3n2/P1n2P1P/8/K7,b5b6
4R3/5R2/bkp5/3p4/p2P4/1P4r1/1KP5/8,e8b8|4B1k1/pR5p/3p2pQ/8/3PN3/P4K2/1P3PPP/3q4,f3g3|3Q4/p6R/6p1/1P3p2/4rk2/7P/5KP1/8,g2g3|1rb1k3/2Qn2p1/3PB3/1p2BP2/p7/P2P4/1PP2q2/1K4R1,e6d7|N6r/pP4k1/3Q4/1P1B4/6p1/3PP1Pn/5P1q/5K2,d6e7
6k1/2r5/p2Q4/1p3P2/8/6P1/PPr4P/1K1R4,d6g6|5k1r/R5Np/1p4pB/3Kp3/2P5/6P1/PP5q/8,g7e6|5R2/pp4rk/1q2B2p/3Q2p1/8/2P1r3/P5PP/7K,d5f5|Q1qr4/2k1r2p/5p2/2p3p1/8/P4B2/6PP/K1R5,a8c6|qr5k/2R3b1/1P1p3p/8/3p3R/3Q2P1/7P/6K1,h4h6
1k6/7r/1P6/P2QN3/6P1/6K1/8/8,e5d7|1r3rk1/p2b1p2/1q1p1Pp1/5pP1/2pPP1nR/2P1Q3/P5B1/5RK1,e3h3|7r/n5B1/R6p/7k/2P2P2/1P2P1pP/6K1/8,g7h8|5k2/6R1/4p1pP/3pP1P1/3P2KN/8/2n5/8,h4g6|1kr1qr2/p2R2p1/1p2P3/1Q1P1p1p/5P1P/1P4P1/1B1R4/1K6,b2e5
2b3k1/2q1b2p/4p2Q/2p1Pp2/1pP2P2/pP3B2/P4P1K/3R4,d1g1|2Q2B1r/8/5k2/4p3/8/1P4R1/2K5/7q,c8a6|1Q3R2/8/2B5/6kp/6p1/P5p1/5K1P/8,h2g3|q2r1k2/pb2b3/4Q3/1N1p2P1/8/P7/B6P/4R1K1,e1f1|8/3PK3/8/2P2k2/4p3/4P1p1/B5P1/8,a2f7
4r1k1/3q3p/pB3Qp1/3pp1N1/1Pr5/P7/6PP/5RK1,g5f7|3Q1bk1/3P1p1p/n1q3p1/4P3/5BB1/P7/2p2PPP/3R2K1,d8f8|8/2p1Q3/Pk4p1/5p2/1K2b2p/2NB4/P4q2/8,c3a4|8/3Q4/3N1kpp/2p5/3b4/5K2/7P/6r1,d6e4|8/4K2k/5P2/7p/7P/1p4p1/1B4P1/8,f6f7
5rk1/p7/3pq1pQ/P1pN1p1b/n1P5/3P2P1/4PP1P/1R4K1,b1b7|k7/pr4p1/2Q4p/7q/8/1P1P4/2P3PP/1K2R3,e1e7|1k3r2/p1p1rq2/1pPp3p/1Q4p1/2P1pn2/P3B2P/2P2PP1/R3R1K1,b5a6|4r3/2k2p1p/1N3Qp1/2B5/2p5/5PPq/PP2P2P/R5K1,b6d5|k2rq3/2p1brn1/1R6/1pPp2P1/2bP4/2N3QB/PR1B4/K7,g3c7
8/6pk/4Q3/1R5p/4Pp2/5PnP/3N2PK/8,b5g5|r1n4k/1p4rp/2p3bR/2P2Q2/1Pp1p3/p3P3/Pb2B1P1/1K5R,h6h7|2k5/3R4/2p1pN2/1pPp1p1P/3P4/4P3/4KP2/8,h5h6|2Q5/4pk2/1p6/3pR2p/5p2/8/PP3PKP/8,c8e6|kr1rq3/pR6/2p1p3/2PpP3/3Bp2b/P3P3/1Q4P1/KR6,b2b4
1QR5/8/4k3/3r1p2/1PB3p1/4P1P1/5K1P/8,c8c6|2k5/1p6/p1P2p2/3R4/P1Qbq3/4r3/KP6/8,c6b7|r4r2/p6k/2n1PQp1/2p3p1/8/1q5P/3R2P1/3R2K1,d2d7|6Q1/2r4p/2n2qn1/p2B4/b1P3k1/3PB3/7R/4R1K1,g8e6|2Q5/r7/5p2/4p3/4P3/4KP2/PP6/5k2,c8h3
2k1b3/p1P5/3P3p/2K5/1P2B2P/8/8/8,e4d3|1r6/1q4kp/prp1B1p1/3pN1P1/Pb1P3R/1P2P3/K5Q1/Bn6,h4h7|3kr1r1/7p/2R3b1/RpNp2P1/3P4/1P6/1KP5/4q3,a5a8|kr5r/1b5P/4P3/3p3R/1p6/2N1Q3/KPP5/8,c3b5|1r2k3/8/3R4/4pQ2/3P4/2P1P2P/4NP2/1q2RK2,d6e6
3r2r1/1p1Q3p/p1n1R3/5p2/6qk/PN4R1/2P3P1/7K,d7h7|4k3/3r1pB1/2Q5/p1p5/2B1P2K/P3P1PP/5q2/8,c6c8|2rn4/pkp3b1/2n1p1q1/8/2QPPp2/R4B2/PP4P1/K5R1,c4a6|1n6/k7/8/1pP5/3PQ3/5pq1/1PP1b3/1K5R,h1h7|8/1p5R/p5RP/1krp4/4B3/P7/1PP4r/1K2n3,h7b7
8/2k1r1pR/2p1PPP1/2K5/1P6/8/8/8,f6e7|8/6bk/8/pr1N1Npp/1n2Q3/8/PPP4P/1KRR4,d5f6|8/8/4P3/7K/7P/4k3/1Q6/8,e6e7|4rr2/pp4k1/2p1p1pp/5bN1/8/1Pq5/P5BQ/5RK1,h2c7|2b1RQ2/6p1/2q4p/2pk3P/pp1p4/3P4/PPPB4/1K6,f8f3
5Q2/pp4R1/7p/3q3k/3P4/8/PPr3P1/6K1,f8e8|8/2R4Q/1p1p4/pk4p1/4qn2/P7/1PP1r3/K2R4,h7d7|3r1r2/1q3p2/2bp1pk1/p1pNb1Pp/P1P1P2P/1P2Q2B/6K1/5R2,g5f6|r6r/pp1R4/1kpQ1R2/8/2BPp3/8/PPP5/1K5q,f6f1|8/p1k5/Q4N1p/2pp4/8/1P5P/P1q2PP1/3R1K2,f6d5
5k2/1R6/P3p1pp/3pP3/2nP4/7P/1P4P1/6K1,a6a7|2r5/rkP4p/1N2q3/pQ6/8/P4b2/1P5P/K1R4R,b6c8|6k1/p4p2/4bP2/1B2P1pp/P7/3R1K2/1r4PP/8,d3d8|1Q6/4B3/k7/p7/3pP3/1K1P1P1P/8/2b3q1,b8a8|3Q4/p7/2p2p1N/2npk2p/4r3/8/P1P2PPP/1R2R1K1,d8b8
6k1/P4b2/5Qp1/6Pp/7P/1P6/1KBq4/8,a7a8q|8/1Q3R1p/6pk/p7/2P5/PP2q1P1/6KP/8,f7h7|8/5K2/7k/8/3B2Bp/7P/5b2/8,d4f2|8/6kp/4pRp1/1b1p4/1P1P1KNq/Q3PP2/6PP/8,a3a7|b3r3/2Q4p/kp3qp1/5p2/3p1B2/2n3P1/4P1BP/5RK1,c7c4
8/5P2/p7/1p6/1P6/P4K1p/7k/8,f7f8q|r2r3Q/1pq1kp2/2n5/p1PB2R1/4N1p1/1P6/P6P/6K1,h8f6|6rk/4R2p/5p1p/pppQ4/8/5NPP/P4P2/5KNq,d5f7|8/1Q6/8/8/4P3/4q1P1/1Q2b1K1/3k4,b2b1|8/8/1p6/1N3p2/2P5/8/PP3K1p/7k,b5d4
Q6Q/8/4p3/4Pp2/5k2/8/KP5p/8,h8h2|2rN4/pR6/1q3pk1/2p3pN/8/P6P/1Pp2P2/4n1KQ,h1e4|8/8/1Q4n1/3B2kp/3p4/8/PP6/K1R5,c1g1|1k6/p6p/Qpq3p1/2pp4/1b1P4/3BP2P/1PP3b1/1K3R2,f1f8|4r3/5p1k/p5rp/1pp5/2P5/5QR1/PP4PP/3R2K1,f3f7
r4b2/1k4pp/4q3/1r1RB3/ppRPP3/p7/K1Q3PP/8,d5b5|2rr4/p1bbk1p1/6Qp/2pP4/2P2p1N/8/P4PPP/3R2K1,g6g7|8/p2kP3/8/1p3K1p/8/5QP1/7P/8,f5f6|k7/1R3r2/P1KB4/8/8/8/8/8,c6b6|3k1r1R/3bppQ1/p2p2p1/2qP4/1prN2P1/5P2/PPP5/2KR4,g7f8
2bk4/4RR2/2pB4/8/p2P3P/2r1K1P1/P6P/8,e3e4|4Q3/1kp5/8/pp6/2Pp4/Pq1P4/1P2B2P/1K6,e2f3|4k3/1Q3p1p/6nP/1p1P2p1/4P1P1/1P3P2/1r2B3/5K2,b7c8|8/1R4p1/4k2p/3r4/1P4P1/2Q2pKP/5P2/8,c3e3|8/6PR/3k4/3p1P2/3P4/P1r4N/1p6/1BnK4,g7g8q
5r2/3p4/p3p2k/2p1P2P/1nP5/6R1/q3N3/3Q2K1,g3g6|8/7P/6R1/3k4/p3p3/4K3/6P1/1b6,h7h8q|1r3k2/4R2R/7P/3p2p1/3P4/pP3p2/P4P2/1K6,e7g7|1R3r2/pQ6/3k1p2/2p1p2B/2qp4/2b3P1/2Pn2KP/5R2,f1f6|r2B2rk/1ppb1R1p/6q1/p5Q1/P7/1nP5/2P3PP/7K,g5e5
2k5/2r5/8/pQP1b3/3NR3/1P6/PBP5/1K6,e4e5|Q5R1/8/3k4/8/6p1/4K3/7P/8,a8a6|8/1p2b1R1/p2k4/4p3/1P6/P3P3/2PP2Q1/1K6,g2b7|r1q1r3/1pp1b1pk/4n3/pP6/P1B3Q1/8/1B3PPP/R5K1,c4e6|5r1k/2pnbR2/1p1q3P/p3p1pR/P1PpB1P1/1P3Q2/7K/8,f3f5
1k4N1/3Q2p1/4P3/1P1p2B1/1b5p/5P1K/2r4P/8,g5f4|3r1k2/1p3rbp/p4N1p/2q5/5PQ1/1P5P/P5R1/3R1K2,d1d8|5k2/1p1r4/p2P1p2/3qbN2/1P3pP1/P7/2Q2P2/4RK2,c2c8|7Q/2p1q3/5r2/p5k1/2B4N/2P3P1/P5PP/3R2K1,d1d5|2k2qN1/1p5R/6Q1/pNn1p3/4Pp2/4nP2/PP6/1K6,g8e7
8/2B5/7R/1pp5/1k1p4/p2r4/Q4PK1/8,h6a6|r5b1/3R2p1/5p1k/P3rPp1/2p4P/8/1P4K1/3Q4,h4g5|6k1/4R3/5R2/1p5p/p6B/1P5P/6PK/r7,f6g6|8/4K3/1p4k1/p3B2p/n1B5/6PP/8/8,c4d3|k2N4/p4pp1/P6p/1Q2p3/8/2P2P2/1P5P/1K1q4,b1a2
2r2r2/1Q6/p2k1p2/q1b1np1N/5B2/2P5/P5PP/1R5K,b1d1|1B6/4R3/pkP5/3R4/1p5p/PP6/2KP4/8,b8c7|2r5/kp5R/2PB4/KP5p/7P/5b2/8/8,h7b7|k7/p7/6q1/Qp5n/2rRPp2/5Pp1/1PP3P1/1K6,d4d8|4kn2/1ppq1p2/3p1Q2/p1nPp1B1/4P1P1/2P2PK1/PPB5/7R,h1h8
r7/4kr2/2Q4p/p2pBpq1/3P4/4P2P/1P3PP1/2R2RK1,e5d6|1k6/8/PPKp4/b2P2p1/7p/3Bp2P/6P1/8,a6a7|5rk1/p6p/4R1p1/8/1pp3N1/3qQP1P/PPb3P1/6K1,g4h6|3Q4/5kp1/5B2/5N2/N1b1p2p/3pP3/5PPP/K2R3R,d8e7|5r2/1R1R1P2/p1p5/2k5/8/1PPK1r2/P2P4/8,d3c2
8/p3Q3/6kp/1p4p1/8/P1Pr4/6PP/4R1K1,e7e8|8/4k3/1R6/P1R2B2/K7/1Pb5/1r6/8,c5c7|r5k1/q5pp/2bR4/4p3/7Q/8/PPP3P1/1K3R2,d6d8|k2r4/6R1/1p3p1p/p5p1/6P1/1QP2N1P/P1P2P2/1K6,b3b6|6k1/6p1/2b4p/p5N1/2P2q2/8/1P2Q1PP/r4BK1,e2e6
1r6/3B1k2/8/p1KR4/1r5P/8/8/6R1,d5f5|3Q4/8/4P3/5k2/5P2/6P1/7P/6K1,e6e7|1r6/6R1/R6p/3r1k2/P2P1P2/2P3P1/6KP/8,g2f3|r2kbQn1/pp3R1p/6r1/1q6/3PP3/4K1BP/P7/2R5,g3h4|Q2R4/8/bqr3P1/k2p4/1p1p4/1P2P3/PK2B3/8,d8d5
1k3rq1/p3Q2p/8/1p3p2/1P4P1/3P4/1BP4P/1K2RR2,e7d6|8/3k1q2/R7/4Qp1p/8/8/6PP/7K,e5d6|3qr3/pp3R2/2b1P2k/2p5/3Bp3/PP4RP/8/3r1Q1K,d4e3|2k1r3/2p5/2p2q2/1PB1p2p/Q5p1/3P2P1/2P2P1P/R4K2,b5c6|1k5r/5qb1/1N1p4/pn2pB2/N1P1Q3/P3P2b/KB3P1r/6R1,e4a8
6R1/4Q3/P7/1p3pp1/4npk1/8/6PK/8,e7a3|2qk4/2n1pQ2/1R2P3/8/2P5/3P4/p1P1KB1r/8,b6d6|1k6/1r3qp1/R6p/1Q6/3r1P2/P2PR1P1/bP5P/K7,e3e8|6k1/r6p/r1p5/2Pp1N2/3Bn3/4P1Pq/4Q2P/1n3RK1,f5h6|2k1r3/4Q3/1p1p2r1/2p3p1/3BP3/5P2/PPP3P1/1K1R3R,e7e8
5rk1/4R3/5PK1/5NP1/8/8/8/7r,f6f7|7k/4NR2/8/2p1K1Pp/4P3/3P4/1p4r1/8,g5g6|8/2r3pp/5p2/6k1/2P1Q3/8/2P3PP/R3R2K,a1a5|2r2k2/1bP1r3/3Bp1Q1/1p6/3P1P2/1P4P1/4RK2/2q5,d6e7|6R1/6rp/3r3k/pp1p2R1/2pP2PP/2P2P2/PP6/6K1,g5g7
3q4/8/r1b4Q/2P2kp1/p2p4/P7/1P5P/4R1K1,h6e6|2r5/R4R2/pk1p4/2p3p1/P1P5/1P4P1/2KP2r1/8,f7b7|8/1p3kp1/7p/4p3/1P2Q3/2R3P1/5PPK/r2q4,e4f5|8/1p6/pQ2pB2/8/1n6/1kN1P3/3K1Pb1/8,f6e7|5r2/prp4k/7p/6p1/3Q4/8/P1K1B2R/2R5,d4d7
4R3/1p3k1p/p2p4/1r3p2/7Q/7P/Pq4P1/7K,h4e7|8/4K2P/8/4Q3/5P2/8/3k4/8,h7h8q|6R1/3k4/7r/3Nr2P/1KPnp1P1/R7/8/8,a3a7|3r1k2/4p3/6Q1/p3P1p1/P4PP1/1P1p4/1KP5/3r4,e5e6|4Q3/pq3p2/7p/2k3p1/1pB3P1/5rP1/PP6/1K1R4,e8e5
1n5k/2p2Q1n/2q2p2/1p2pP2/4P2P/1PP1B3/1K3N2/8,e3h6|5r2/6kp/1r1p4/p1qB4/P1p1QP2/6pP/1P1R4/7K,e4e7|8/7k/8/P2Q4/1B1P4/4p3/1PK5/8,d5f7|8/8/k7/1b5R/1p1Q4/8/1KP5/8,d4d6|5RQ1/8/8/4k2B/p7/2P5/1q3PKP/8,g8g5
2r5/pk4p1/1p5p/4Qp2/1Pp5/P2b2R1/K2R2P1/5q2,g3g7|k7/P7/1PK5/2R5/8/8/8/r7,b6b7|2k1r3/2p2RQ1/6p1/1p1p3p/4P3/2P1P3/P5PP/6K1,f7c7|3r1r2/p1R5/1p5k/1q4p1/7P/P2pQ3/3N2P1/7K,e3e6|8/p3R3/3k3p/1r1n1p2/8/P2P1BP1/1PPK3P/4R3,e1e6
b7/p3Q2p/P4pk1/4pp2/2B1q3/7P/1PP2P2/6K1,e7f7|kr6/1p4q1/pQP4p/Rp3pr1/3Pp3/4P1PP/P7/K5R1,c6b7|4r1k1/2p1rp2/1p5Q/p2PPp2/2P1R3/6P1/q6P/4R1K1,e4h4|k7/6R1/1pK1N3/p6q/P4Bp1/1P4P1/8/8,e6c7|2k5/1pp5/p2qN3/3P1p2/3Qp3/1P2Pn2/PNK5/6r1,d4h8
5k2/R7/7P/4NK2/5BP1/8/8/5r2,h6h7|8/8/6p1/5P1p/4Q2P/4K1k1/8/8,f5g6|1rb2r2/pp1p1P1p/2nqpQp1/6Pk/2P5/3B4/P6P/1R3RK1,d3e2|3k4/8/3PPP2/3K4/8/1p6/8/8,d5c6|1r3nk1/R6p/3P2pb/8/3BN3/5P2/6PP/5K2,e4f6
2r4r/3Q3p/p4p2/B1P2p2/4q1p1/1P6/Pk4P1/R4KN1,d7d2|1k6/6R1/1Np3p1/Pp4r1/7p/2KP4/2P5/8,a5a6|r1r5/1R5p/3k2pB/4p3/p2p1Q2/2q4P/5PP1/5BK1,f4f6|4r3/8/5Q2/k1pp4/1p6/qP2P3/P6R/1K1B4,h2h6|1k1r1r2/3n3p/Rn1N4/1Np2p2/6P1/3P2bP/1PPB2B1/3K4,a6a7
7Q/2p1r3/1pkpP3/5K2/5P2/1P1P4/6r1/R7,h8a8|8/6k1/R5P1/5K2/8/7p/8/8,a6a7|kr2q2b/pb5p/3Q4/5p2/2N1p3/1P5P/P1P1B1P1/1K1R4,c4b6|6k1/ppp3n1/7Q/4NpK1/5Pp1/1P4q1/P1P5/8,g5g6|B7/q5k1/1p5p/5Q2/2pb2P1/3P2N1/6K1/8,g3h5
1q2kr2/5pQ1/1rbPpBp1/p1p4p/2P2P2/P7/3R2PP/3R3K,d6d7|1k3n2/pbr5/3r4/7p/5p2/5B2/P5PP/1R2R1K1,e1e8|2r5/pp2R2Q/q7/6k1/3N4/5p2/PPr5/1K6,h7f5|4Q3/kp6/p6p/P1p5/1P1R2P1/8/q4PKP/8,d4d8|8/6Bp/pR6/P4kp1/2P5/4P1q1/P2KR3/7Q,b6h6
6Q1/1kp5/p7/1pB2pR1/8/1P1p4/PKP1r3/8,g8d5|3r4/k2P3p/2Q5/4p3/2P1p3/P7/KP4P1/3R3r,c6c7|8/6kp/6p1/4b2P/KP3pQ1/1B6/1q2p3/3R4,d1d7|Rbk5/1p3Rp1/8/2p4p/3pPB2/3q3K/8/8,h3h4|8/p7/1kpQ4/2p1p1pp/P1K5/1P2P1P1/7P/8,d6b8
r7/pnB1N1pp/k4p2/1R2b3/1pP5/4RK2/P1Pr2PP/8,e7c6|3R1Q2/6pp/krq2n2/4p3/2b1P3/pp3P2/1P2N1PP/1K6,f8a3|1kr5/p1p1P2b/1qB2R1p/6p1/1Q4P1/8/PPP5/1K3R2,f6f8|8/P6B/8/6K1/3B4/5k2/8/8,h7d3|3R4/8/2Q3pk/pp3p2/2p1p3/P5P1/2q2P2/6K1,c6f6
8/P7/2p5/1k6/2R5/1P6/1KP1r3/8,a7a8q|Q7/p2krq2/Pp2r2p/2p1R1p1/2P2p2/7P/1P4P1/4R1K1,e5d5|8/4Q1R1/7p/8/6P1/7k/2P5/1K6,e7e3|2b5/7p/2p5/3p1p2/1Q1P1P2/2P3P1/k7/2Kq4,c1d1|kr6/pp3qp1/r7/PQpN1P1p/2PpB1bb/1R6/1P6/K4R2,b5a6
8/kp5p/3Q1p2/p2B2p1/5b2/1PK5/P1P3PP/8,d6e7|8/5R2/p2P2p1/r3k2p/3N3P/1BP1KP2/5P2/8,d6d7|5r2/R4Nkp/1p4p1/2nR2N1/5p2/7P/6PK/1r6,f7h6|6r1/1Q2bppp/3rk1b1/3R4/8/PP5P/2P3B1/1K1R4,d1e1|3rr2k/p4Q1p/4p1p1/2p1q3/8/8/6PP/R4R1K,a1a7
q4k2/5p2/7p/2p2Q1P/8/3n4/1p3Bb1/5RK1,f2c5|3R4/1k4pp/1pp5/p2Q4/4P2P/1P1K1Nrq/8/8,d5f7|r2r4/5k1N/2Q5/p3R3/2p2P2/3q4/PP4PP/7K,c6e6|8/6p1/r1q4p/8/5Pk1/1P1PQ3/P3P3/1K5R,h1g1|6k1/3Q1R2/5p1p/3p1P1P/5P2/P5P1/1PP5/2K1r3,c1d2
r3r1k1/pp3pB1/3p1Pn1/3P4/P1p5/2PB3Q/5KP1/R7,a1h1|8/1pQ5/3r3p/3pk2q/8/pP2P3/P1P5/2K2R2,c7g7|rnbk4/pp1pb3/2pN1nQ1/8/3PpB2/2N5/PPP1KP1P/q7,g6e8|3rr3/3k1p1p/6p1/1nQ5/5P2/8/6PP/2R4K,c1d1|1Q5R/6r1/2p3k1/1pNp2pp/pPnPb2q/4P2P/P1P2P2/K1R5,b8e8
3k4/7R/2P3PP/3Pp3/4K3/p3P3/P6r/8,d5d6|2K5/q2B1pp1/8/4Q1Pk/1b3P2/7p/P6P/8,e5e2|2k3rr/1R3Qp1/p1pq4/7P/6R1/1P1P4/P1P5/1K6,b7a7|6k1/Q4ppp/5n2/6r1/8/3q2P1/2r2PKP/8,a7a8|3k4/p6p/3p4/3Bp3/8/2BPK1p1/PP5q/2R2R2,c3a5
6k1/r2PK2p/3RPp1P/8/6b1/8/8/8,e7f6|7k/6Rp/5PpN/6P1/1p2n2P/1P6/2P2K2/r7,f2g2|3R4/1kp2r1q/1pN5/pn2P2p/8/1P3Q2/PK4PP/8,d8b8|R7/1r5k/3pr2p/P1p2b2/2P2Pp1/2Q1p1P1/4P2P/6K1,c3h8|1kn1Q3/2p1b2p/p1P1p3/1p1p1p2/1P1P1P2/P6P/1B1N4/1K4R1,g1g8
3r1k2/p1q2B1p/1p1b1Qp1/8/P1P1rR2/7P/1P3PP1/6K1,f7e6|b3r3/7k/5Qp1/3R1P1p/8/P5PP/Pq6/6K1,d5d7|r3qr2/BQ5p/4k1pb/1Pp5/2P2pP1/3PnP1P/8/R1R3K1,a1a6|8/pbp2B2/2n2R2/8/1bPBPPk1/4K3/P3N2r/8,f6g6|2kr4/4P2R/pKP5/8/1p6/8/8/8,e7d8q
2R5/k1r5/6p1/pp3p2/1p6/1Pqp4/P1P3Q1/1RKNr2B,g2a8|2k5/p1p3pp/1pQ5/1P4B1/8/P4p1P/2P2PP1/6K1,g5f4|2nk4/1q1B3r/2PQ1ppb/P3p3/4P3/8/N2N1BPP/2R3K1,d6f6|5R2/2P1R3/p7/5ppk/8/6P1/P1P5/2K5,c7c8q|r4bk1/p2R4/5Pp1/8/1p6/8/P7/5K1R,d7h7
8/ppp4p/2b1Qbk1/5pB1/5Pp1/2q4P/P1P3P1/4R2K,e6g8|3q2rr/1k1b1p2/pnpBp3/P3P1pp/2P1B3/1R2Q3/1P3PPP/6K1,b3b6|6k1/3R2pp/1rQ5/4pp2/1qp4P/4P1P1/5P2/6K1,c6d5|3Q4/pp6/2p5/1k6/3R2P1/1P3P2/P1P4P/1K4NR,d4a4|2q5/pp1k2p1/7p/2Q2R2/3P4/2P5/PP4PP/1K6,f5f7
2k1r1r1/8/1q1Q4/2p5/4PP2/1p1P3P/1KP3P1/R6R,d6b6|1n4k1/6b1/p2p3p/2pP1Q2/2P2P2/1q1B3P/1P4PK/3N4,f5e6|3Rb3/p4pk1/1p3Np1/2b1P1P1/P6P/8/5P2/6K1,f6e8|8/p7/kpRP4/2P5/PP2B3/8/4K3/8,d6d7|2k1r3/pp2rq2/2B5/1Q6/P4Bp1/6P1/5P2/1b1R2K1,c6b7
8/P7/8/8/2Q2pkp/2P5/5PPP/6K1,a7a8q|8/1pp4R/1b1k2p1/p2q1P2/4p1R1/4P3/1B1PB3/1K6,g4g6|5b2/p3p2n/4Bk2/2p3p1/8/3P4/PPPK2Q1/7R,g2e4|6k1/7p/p1BR2p1/2P2b2/Pr3P2/2Q3P1/5K1P/1q6,c6d5|2r1k3/1R6/5R2/2P1p3/3pP3/1K1P4/8/8,f6h6
4k3/2K5/3P1Bp1/p3P1P1/8/1P6/8/8,d6d7|1k6/p3R3/1p1p2p1/2Pb4/4n1P1/2Q5/PPP1B1qr/1KB5,e7e8|6k1/2q4n/3r4/p1p1Q1P1/2p5/2P2RNP/P7/6K1,e5e8|7R/1pk2q2/1r6/p4p1p/P5pR/3QP1P1/5PPK/1q6,d3d8|2brr3/k1p4q/p1QP4/7p/3P2p1/1P4P1/KB5P/7B,c6a8
1n1r2R1/1Q3p1p/2pk1q2/5b2/3Pp3/Pp2B2P/1P2B3/1K6,e3f4|6k1/1p2Qp2/5P2/p7/8/3q4/7P/4R2K,e1g1|1k6/1p1rrp2/3b2pR/1Qp5/5P2/3RP3/PP3P2/1K5B,h6h8|5Q2/1R6/p3p1p1/7k/2Pr4/P1N3P1/3q1PKP/8,b7h7|4r3/1kp4p/1p1p2r1/1P1PpNn1/6P1/R2PKP2/8/R7,f5e7
r3rk2/p1n3bQ/1p1p3p/1P1P1Bq1/P1PN1R2/4n2P/4N1P1/2R3K1,f5e6|8/8/1pk4P/p4Q2/P2p4/3P4/1PP3P1/1K6,h6h7|3Q4/p1p2q1p/k4PpB/2n5/2P1r3/6PB/K4R1P/1R6,h3c8|r3k3/pR5B/3p4/2pPb3/2P5/8/PP4PK/5R2,g2g3|8/2kP4/4K3/2P3B1/6p1/8/8/8,d7d8q
2Q5/1Q4pp/3q1k2/5p2/5P2/1p2P2P/6PK/8,c8c3|8/3P4/8/ppN1k1p1/8/6P1/PP2PP1P/3R2K1,d7d8q|8/2PP4/8/3K1k2/3B4/1R6/8/8,d7d8q|6R1/8/4kb2/1pp5/p2PB3/4PK2/PP1Q1P2/6R1,d4c5|7Q/7b/p2P1p1k/P3b2p/2Bp3P/6P1/2p2PK1/4q3,h8f8
4r3/p3br2/1pk3p1/4BqPp/1P2RP2/P2QP2P/5N2/1K6,b4b5|8/4RRpk/P2B3p/2P5/6qr/8/5PP1/5QK1,f1b1|2b5/k2p4/1p5p/2PB1p1p/p2Q4/P5rP/1P6/1KR4R,d4a4|1k6/1bp3p1/8/pQ1nN2p/7P/bPP3P1/P1qP4/K2RR3,e5c6|Q2r4/pPq2pp1/1p5p/8/8/1N1B1kP1/PPP1R2P/1K6,b7b8q
3k4/5R2/3P4/p5pn/2PN3p/P1K4P/6r1/8,d4e6|5RQ1/8/2k1p3/p2p4/8/3B3P/8/1K6,g8e6|8/1p6/pk6/4Q3/7P/1Pp2P2/P1P1n3/1K4R1,g1g6|8/k1r5/1p1R4/p1p3pp/Q7/P2P3P/1PP3B1/1K6,a4b5|3r4/pp3kpQ/3b4/1b1qPp2/2pB4/2P5/PPB3PP/4R1K1,e5e6
3q3k/5R1p/p2pQNp1/2pP2P1/2n2P2/1r5K/7P/8,h3h4|7k/7p/5p1p/8/8/4PqPP/3Q1P2/2R3K1,c1c8|3q4/1Q2R1pp/1n4r1/1pkpBp2/8/1P3P2/1KP3PP/8,e7c7|7r/1p3ppp/4P1b1/8/kP6/2Q3P1/4Pq1P/2RK3n,c3a1|4Q3/6Q1/1k3p1p/r7/8/2q2N2/5RPP/6K1,e8b8
8/k7/ppn2R2/2P1p3/4Q3/KPP5/P6q/8,c5b6|r1k5/p1p4q/3b2p1/1Q1p2BP/4p2K/8/P5PP/5R2,b5e8|3Q2b1/1p5p/3p4/2k5/8/1PB3q1/1KP1r3/2R5,d8c7|4k3/1pp3Q1/p7/2Pqp3/6B1/3b2PP/1P5r/K2R4,g4h5|r4r1k/1p2R3/p2n1Ppp/4N1Pb/2p1PQ1R/2P5/3n2B1/1q4NK,e5g6
4Qb1k/Q6p/5rp1/1p1B4/1Pp5/P2b2qn/4R3/4R2K,e8f8|3rr3/Q5pp/p2k4/1q3p2/5PP1/3p3P/PB2p1B1/K1R5,a7c7|5k2/p4p1Q/3r1qp1/1p1p4/bB1b1P2/P5P1/1P4BK/4R3,h7h6|5n2/p1N1N2k/1p1p1Qp1/1P6/4P3/8/q5pP/2R3K1,c7e8|1r4k1/3R3p/4pbp1/1p4N1/p7/8/B4PPP/6K1,a2e6
8/4RQ2/p2p2rp/qp1P3k/8/P4P2/1P4rP/4R2K,f7f5|8/1R6/k7/2pB4/P7/1P5q/K3R3/8,e2e8|1R6/3p1pp1/5k2/2q5/2b1PBR1/p2rr2P/6PK/4Q3,e1h4|7q/nk5p/3Q4/7P/Np1p1P2/pP1p4/P1P5/1K6,a4c5|R2Q4/1pN5/2k2rp1/4nr2/1P5p/8/1P3PPP/2B2RK1,b4b5
1r3qk1/1r1R1b2/2p1Bp2/2P1p1pQ/1b6/1P2B1P1/5P1P/6K1,e6f7|5b2/3RN2p/p5pk/4pp2/8/1P2PKPP/P4P2/2q5,e7g8|5r1k/1pp5/3p1PB1/p2Pr3/2P2q2/8/PP6/1K1Q4,d1h1|1Q4R1/8/4k3/6p1/6P1/4p2P/1KP5/8,g8d8|2r3r1/1b3p1k/p2bp2P/1p1pq1Q1/7R/1P2N3/1PP4P/1K4R1,g5g7
R7/2k1P3/3q3p/p1p5/3p4/P2P1B2/2P3P1/K7,e7e8q|8/3PR1p1/1p5k/p2b1p2/5P2/P2B2P1/1PP4K/R7,d7d8q|2R5/5k2/p6q/4Qp2/8/6p1/PP4P1/4R1K1,e5f5|rn1Q2nr/p7/k2b2p1/1p1N4/3Pp3/8/PPP1KP1P/R6q,d8d6|2br1r2/1p1k4/p2p1pQ1/2pNqP2/P1P1P3/3B1R2/1P4PP/6K1,g6g7
3k4/2R5/1P6/P4p2/2P1p3/2P1P1np/5r2/1K2R3,e1d1|5r1r/k7/1p2q2p/2p1P3/4QP2/7P/6P1/4R1K1,e1a1|1k6/pb5q/3pN3/2p2r1p/2P2N2/6P1/PP1Q3P/2K1R3,d2d6|1Q6/6k1/P2KP3/6p1/6P1/8/7P/8,e6e7|4b3/R6p/6k1/5pp1/3P1n2/2Pq1P2/7P/1R4K1,b1b6
8/3r3k/4R3/4PpPP/p4P2/q1P5/8/3Q3K,d1d7|7k/1b3K2/pNp5/P2p4/3P1P2/4P3/7r/6R1,g1g8|kr6/p3R1Rp/B1p1Pp2/4p3/1Kp5/PP5r/8/8,b4c5|1kr3r1/p1p1q3/1pQ1p1p1/3p1p1p/1P1B1P2/P2BP3/6PP/2R1K2R,d3a6|k7/1R1Pqb2/p7/4BP2/1P5r/P7/6B1/1K6,d7d8r
8/pk6/8/P7/1p6/3P3Q/1r4PP/R5K1,h3d7|4k3/1R4Rp/n4Bp1/8/3r4/8/PP1K1PP1/8,f6d4|k7/6R1/r3P3/1p6/1K3P1p/1B1p3P/3P4/8,e6e7|1k6/1n5p/1N3p2/2P1bp2/1P2p3/1Q2P1PP/2K1BP2/4q3,b3g8|8/P7/5k2/3R3B/2P1P3/7P/6P1/5K2,a7a8q
3R3Q/p7/kp6/4p3/1p2P3/1P6/1PP5/1K6,h8e5|6Q1/7R/2kr1p2/8/Pr6/3p1P2/5PKP/8,g8c8|3Q4/1rr2kb1/1p2p2p/pPp1Pp2/P2p1P2/3P4/1q1BK2P/2R3R1,g1g7|8/2R5/kp6/2nN4/1pP3P1/4B3/PK6/3r4,d5b4|3r4/p1k1r1p1/P6p/2bQ4/3p4/5B2/KP2p1PP/8,d5c5
2rr4/1Qp5/1p5p/2k2p2/P3R1p1/4P3/1P3PPP/1K6,e4e5|2r5/1kb1R3/p1R5/1p6/1Q5P/5P2/2P5/1K6,b4c5|2r5/7R/1R6/r2p4/3n1k1P/6N1/5PK1/8,h7f7|7Q/1r2k3/p3p3/1p1nP1p1/4N2B/7P/PPq2PP1/6K1,h4g5|8/8/1P1N4/8/6P1/k1K4p/b6P/8,b6b7
8/1r2k3/3p1p2/2p1pQ2/2P5/1q1P1PP1/2n1PK2/B6R,h1h7|Q1R5/1r1k1p2/2bp3p/1B2p1p1/1P2P3/8/2P2qPP/7K,a8b7|8/8/8/7k/4K1p1/5pQ1/8/8,e4f5|8/p7/k1p5/8/2R2R1P/6P1/P1PnrBK1/3r4,c4a4|b1qr2k1/4Rp2/pr4pQ/3P4/4N3/6P1/1P3PBP/4R1K1,e4g5
8/pp3k2/4bP2/4Q3/3p4/1P6/P4qPP/2R4K,c1c7|8/2r2k2/4R2p/3n2p1/2P5/1qB3PQ/7P/7K,h3f5|4k3/7R/4p2p/1p1nP3/q2Nn2K/Q3P3/6PP/8,h7h8|8/1r5p/5p1Q/2p1p1p1/3qP1kP/8/5PPK/5R2,h6f6|bkq5/2p1Q3/2P3p1/1p1P1p2/6p1/6P1/5PBP/R5K1,e7a3
Q7/8/8/8/1B6/1P5k/1K5P/8,a8f3|r7/p4k2/3P1P1B/8/3q4/pP5P/P1Q5/1KR2R2,c2c7|3r2k1/5pb1/4p2R/r2qP3/pp1N3P/4Q3/PPP5/1K4R1,g1g7|2k5/4R3/1pN5/3p1p2/3Pb3/PP2B2r/4KP2/8,e3f4|6r1/1p1r3p/p3R3/1k1p1N2/3P1B2/1P3bP1/P4P2/1B4K1,f4d2
Q7/8/8/5R2/2P3p1/5p2/1P4k1/4K3,f5h5|1r5k/7p/r3bP1N/1p2R2p/1P6/p3P3/2P5/K5R1,e5e6|Q4Q2/bp5r/1kp1B3/p3P3/2P5/2N2K2/PP2R1P1/8,c4c5|N7/p2k1rp1/4p2p/1p6/4B3/q4PQ1/P6P/7K,g3c7|2k5/p6P/1p1PK3/1P4p1/2p5/2P5/8/8,h7h8q
8/1p6/p5Rp/1kp2Q2/3p3P/1P1Pb3/PKP5/7q,a2a4|k7/6Qp/p7/2rq2P1/1R5P/1P1p4/1K1P4/8,g7f8|5k2/pp3r1p/8/6Q1/8/6P1/q1P4P/4R1K1,g5h6|2r1r2R/4qk2/p2p2p1/3p4/1p1B2Q1/1P3P2/1PP5/1K6,h8h7|8/6P1/8/4k3/P5Q1/8/8/4K3,g7g8q
3rk3/1b6/1p3Q1p/p1pP3p/4N1q1/PB4P1/1P3P2/6K1,b3a4|6k1/1pp4p/1q5b/4Q2P/Pr6/4R1P1/6B1/4R1K1,g2d5|1kb1r3/8/1B4p1/5n2/6q1/3Q4/P7/KR2q2B,b6a7|2R2Q2/3k4/3P4/4r1K1/1B6/2P5/8/7b,g5f4|1r3r2/1b2k1b1/p1p3p1/Qp1p4/3P1PN1/3B1N1p/PPPB3P/1K6,a5c7
8/P1R4R/8/1p2k2N/8/PKp2B2/2P2qP1/8,a7a8q|8/p7/1p1B1pk1/2p1p3/4R3/PP5P/1KBN1P2/R6Q,h1g2|k7/1p4p1/NQ6/n3pP2/6P1/PR3P2/KPr4q/8,b6d8|7Q/R7/4k3/8/8/1P6/1P2K3/8,h8h6|2r3k1/1b1pQp2/p4P2/6P1/6p1/P2B1q2/1PP4P/1K4R1,d3h7
r2q4/1p1rb1k1/p1nBp1bp/2P1P1p1/1P2Q3/5N2/P4PP1/1B1R2KR,e4g6|3Q2B1/kpp5/p6Q/5r1P/8/3P4/PPP2p2/1K3b2,d8c7|3r2n1/r2P1k2/1p3pNp/p1p5/Pb6/1P1B1QPP/1B4K1/5R2,b2f6|8/3k4/7Q/8/1P2N1P1/3B4/1PK5/8,d3b5|2r1k3/p6Q/2qp1p1p/2P5/1P6/P6P/6PK/2R5,c1e1
3r3r/1pR3p1/p4p2/1q1p1k2/1P1B4/P3Q1P1/6BP/6K1,c7g7|k7/p4b2/Q1p2p2/1rPp1q2/8/1P6/P1P5/1K5R,a6c6|1kbq4/p1p4p/Bp6/4pr2/8/1PP5/P1P5/1K1R4,d1d8|1RRbkr2/3q4/Q3p1pp/4B3/3Pp2P/8/PP3rP1/1K6,c8d8|8/2kB1ppp/p1P4r/P2n4/2rBpn2/8/1R3P1P/5R1K,d4e5
8/2P5/p3N3/P3Q2p/3K4/7k/7p/5b2,c7c8q|8/P2R4/4p1k1/1PK2p2/B4p1p/5P2/8/8,a7a8q|8/Bp6/2kp3R/4p3/1p6/8/PPP3r1/2KR4,h6d6|8/8/2Q5/2p1kpK1/2bp4/3P4/4Prp1/R7,d3c4|r5k1/P1RR4/6p1/7p/5p2/8/2P4P/1K6,c7b7
1k3r2/1br4p/PQ2P1p1/3p4/3B4/4Pp1q/2P2P2/1K1R4,d4e5|8/5k2/pQ4p1/1p2PnP1/7p/1P3B1P/r5P1/7K,b6f6|3kr3/p1p3q1/NpQ1P1p1/7p/3p4/P3n3/1PP3PP/1K3R2,f1f7|8/3k1rR1/q3NQ2/1b1pn1P1/1p1P4/pPr1B3/P4PK1/7R,g7f7|r4r2/1kN3Q1/8/2BP2pp/1P2P3/5P1q/5Kn1/3R4,c7e8
6k1/8/1p3B2/3pP3/2pP3R/6PP/rP6/6K1,e5e6|1k6/1qp5/3p2rr/4Q3/7p/4PP2/4BK2/1R6,e5e8|8/8/8/4p1q1/p2pB3/P1kP1Q2/2P5/1K1R4,f3f7|2Q5/4k2p/p2p2p1/2p5/P1PqP3/3P4/KRP4r/8,b2b7|1k6/p1q3b1/4Q2p/p3N2p/4BP2/1P4P1/P1P5/1K6,e5c6
4R3/5k2/5P2/6K1/8/7P/7P/8,e8e7|4R3/5P2/1k6/N3p3/3pP1p1/3P4/1P5P/1K6,e8b8|3rr3/P3k3/2b5/7p/2pQpPp1/R3N3/1B3PPP/1K6,e3f5|5k2/p7/7p/4Qp1P/2p1B1P1/2Nb4/PP3b1K/5q2,e5f6|7k/8/p3N2p/2P5/3P1R2/P5Pp/3r3P/1R5K,f4f8
6kb/4p2p/p2ppnpB/4n3/P2NP3/2r2P2/2P3PP/1R5K,b1b8|3R4/3R4/1P2k3/4p1pp/P1p1P3/2P2PP1/7P/6K1,d7d6|5R2/8/7k/2pNKp1p/p1Pn2p1/6P1/PP1r4/1R6,e5f6|4k3/2RR4/4p3/pp1pPn2/8/3N4/P1N4P/7K,d3c5|4r2k/1p2P1pp/pb6/3K4/1P5P/P3p3/1B2Nn2/6R1,b2g7
1Q6/3N1p1k/6p1/7p/4P3/6P1/6K1/8,b8f8|6Q1/8/5N2/4pP2/1k1pP3/3P4/2K5/8,g8d5|8/3R2pp/2R5/4N3/Pk3n2/2rp1P2/1K4PP/8,d7b7|Q3R3/1p6/1kp5/p5P1/P2P4/1PN5/1KP3q1/8,e8e7|b7/4kP2/p6R/1p4n1/3p4/8/PPP4P/2K2R2,f7f8q
3R4/p7/1kBR4/7p/7B/6P1/PPK5/8,c6a8|r7/pppk1nQp/3p1R2/3N3q/2P3b1/3B3P/PP6/1K6,f6f7|7Q/4k3/p5p1/1b2p3/2P1P3/3KNP2/Pr3qP1/7R,e3d5|4r3/1p1qNQbk/p2p3p/8/4P3/2P2P2/PP6/1K1R4,d1g1|8/4PK2/p1k5/PpB5/1P3P2/8/8/8,e7e8q
1R3Q2/8/8/3k4/8/1p4P1/1K5P/8,b2b3|8/5B1k/4PBp1/7p/6Pn/8/1P5P/5K2,e6e7|5k2/1R3nR1/p1p4p/r4P1N/7b/8/1P6/1K6,g7f7|B2R4/p4k1p/4NppP/4n1n1/8/BP5b/P1P1K3/8,a8d5|5Q2/p1R5/8/4Q1p1/3pP1kp/PK1r4/8/8,b3a4
Q7/1R6/4p3/8/3pB2p/3P2k1/3K2P1/8,a8b8|8/1p6/1r1p3p/2pP1B2/2P4k/8/7P/6RK,g1g4|n1r1n1rk/4q3/p2p2PP/1p1P1p2/4pB2/P3N2Q/1P4R1/3R3K,g6g7|2q5/4k1p1/p2R3r/3Qp2r/1BP1Ppp1/1P3P1P/P5P1/6K1,d6c6|3k4/8/2P5/p1N1Bppp/N2p4/P7/3K1PPP/8,c6c7
4bk2/pp5Q/3pp1p1/8/3qP3/1Br5/P1P5/1K5R,h1f1|3r1rk1/pp2q3/2p1p2Q/4P3/3P2p1/P5RP/1P3PP1/6K1,g3g4|7k/1p4b1/pN1p3p/P2P1Q2/6Pq/7P/1P4B1/6K1,f5c8|1Q5Q/2pq4/1p1k4/p3p3/1n1pBb2/3P1P2/PPP3R1/1K4R1,h8f8|5k2/2r4p/2P2r2/p2B2R1/8/8/KB4P1/6b1,b2a3
2k1r3/1R6/R7/8/2p2B2/K1Pr4/P7/8,b7c7|2b5/4r2p/2r2p2/3R4/p1p2P1k/4B1R1/PP4PP/2K5,e3f2|5r1k/1R5p/3p1Pn1/p1pP1Q2/8/7P/q5P1/4B1K1,b7h7|4q3/2k5/3R4/2pPp3/2Q2bpr/p1PP4/P5PP/5RK1,c4c5|3kn1R1/pp1rb2r/8/2Pp4/1P1N2Qp/P2P3P/4R1P1/6K1,g8e8
2q5/8/6k1/4Q3/3p4/2P2R1P/P1K2P2/8,f3g3|2k3r1/3r1p2/2p1p3/2Q1P3/3P1qP1/P6P/4K1B1/1R6,c5c6|2r1k1q1/p2R2P1/2p4Q/1p3p2/4pP2/1P2P3/P1P5/1K6,h6d6|k7/2Q4p/ppN3p1/3p1q1n/3b4/1PK1P2P/PB4P1/8,e3d4|1Q6/4k3/N1B3p1/7p/8/7P/5PP1/6K1,b8e5
3k4/5Q1p/8/2p5/1p6/1P4P1/PB1PPP1P/5RK1,f1c1|k7/2B5/1P6/2K5/7p/7P/4R1P1/8,e2e7|k1r2q2/p4p2/6rp/1R2p3/1R1p1Q1P/3P2P1/2PK4/8,b5b8|6k1/p7/1pB2Q2/1P3P2/8/1P6/P2pq3/1K6,c6d5|8/k1q1b1p1/3p1p1p/1Q1BpP2/1B2P1PP/5K2/8/8,b5a4
1k2r3/6R1/8/R1pN4/2Ppp3/8/KPP5/4r3,d5b6|7q/p6p/1p6/4p3/8/2R5/6R1/1k1B2K1,d1f3|5q2/2p1Rr1k/1p1p3p/pb1P2nB/3Q4/1P6/P6P/B5K1,e7f7|1R6/7k/p4R1P/3r4/2n5/2P4P/8/K7,b8b7|8/3b3p/B7/2K1Q1p1/3P1P2/7k/P4P2/8,f4f5
r1q3r1/1p4pk/p6b/2PQB3/PP5R/6R1/5PK1/8,d5e4|6k1/3R4/p5pp/1p2p3/2p1Qrq1/P1P3P1/1P5P/6K1,e4d5|4r1k1/7p/1p4p1/p2PQ3/2p3p1/2B1P1P1/P1b2RN1/1K3R2,b1c2|3r2k1/2p5/3rp1NQ/8/3P4/1pq1P3/p2RKP2/8,h6h8|5k2/1pr2p1p/1q1p2pP/pB1Pb1P1/P1R2pQ1/2P2P2/1P6/1K6,g4c8
8/k2p3p/1pn2b1n/1Q3p2/1N1PpP2/BP2q3/P5r1/1KR5,b5a6|1k5b/1P6/8/p7/P3B3/2P5/8/1K5R,h1h8|8/8/6P1/8/Q7/Pp5k/1P6/RK6,a4e4|1kB5/8/PK6/8/2P5/1P6/8/8,c8f5|8/2R4Q/pk6/4R1p1/2P5/1P5P/P4PP1/3r2K1,g1h2
2k5/p7/1pp1R1Q1/1p6/1q5P/8/5PP1/4R1K1,g6f7|8/7p/3R1Qpk/p1qp4/8/P1r3PP/5P2/6K1,f6h4|1k6/p1r4p/8/2R1B3/6P1/P2p1B1P/KP3P2/8,c5c7|1Q5R/p4rp1/5pk1/3pqb2/8/4B2P/PP3PP1/6K1,b8g8|4k3/7R/5P2/KP6/8/8/8/8,b5b6
1r2n2k/3Q3p/5b2/5Np1/p1B5/P1P3P1/1P3P1P/1K6,d7f7|3r1k2/8/1p5p/1P3p2/2PB1Qp1/8/5PPP/R5K1,f4h6|8/3kq3/3pb3/6r1/1Q2P3/1P1P1B2/P7/1KR5,b4a4|k3rr2/NR5p/1pP1qnp1/p1b2p2/2Q4P/6P1/1PP5/1KB2R2,c4a6|8/5K2/8/8/1p6/p7/3Q1N2/1k6,f2e4
7k/1p1b1Q1p/1q3p2/8/8/2PB1P2/P4KPP/8,f2f1|k1b2r2/1p3r2/1Rp3q1/N1Pp2bp/P2Pp1n1/4P1B1/6P1/1K1NQ2R,a5c6|4r3/kpB1P3/1b3P2/p7/4Q3/1P1B4/PP4P1/1KR5,c7b6|6k1/pp3p2/1q1p4/3Pp3/1P2P3/P1Q1n1r1/5r1R/2R4K,c3c8|5R2/1p6/2b2Q2/P1pk2p1/8/1P6/5K2/7q,f8d8
2r4r/8/3p2kp/pB6/1n4P1/8/6qP/K1RQ1R2,d1d6|8/1pp5/p3Q3/2k5/8/1P4P1/P7/3K1R2,f1f5|6k1/R4ppp/1pNnn3/8/1P6/P3P2P/5PP1/6K1,a7a8|5r2/2P3R1/k7/3P4/1pP4R/4p3/2K5/4r3,c7c8q|1kr5/4Q3/8/8/2p2PPP/3p4/2P1K1B1/6R1,e2f2
6q1/R1bk4/5R2/1N1P4/PP1B3Q/K6P/8/8,a7c7|6k1/1p3p1p/3p4/1q1PbPB1/p7/5Q2/6PP/2R4K,c1c8|2b5/1kN4R/1pN5/1P1pP3/2pP2P1/1p6/1KP2r2/8,c7d5|2N3R1/1p1k3p/3pN3/2pP4/4K2b/1P2P2P/1r6/8,c8b6|2r5/R4R2/p2p4/k1p3p1/2P5/1P4P1/2KP2r1/8,f7b7
8/7p/r5p1/5p2/k7/3P1P2/6P1/1RR3K1,b1b7|3B4/pr2P1P1/4k3/1pp5/3p4/1P1P3P/1PP5/1KR5,g7g8q|8/8/8/4N3/6Q1/4KPP1/3P4/5k2,e5d3|3k3r/1p1n2p1/3N1q2/p1Pp2p1/5rP1/5P1P/3NQ1K1/1R2R3,e2e8|7k/1R3Qp1/n2Np2p/2PpN1q1/3P4/4P2P/3K1PP1/8,e5g6
5k2/pR6/1bp2N1p/4P3/1P6/P4PP1/2pr3P/4R2K,e5e6|2k1q3/5Np1/r1PB1p1p/3P4/8/1P6/P2Q2PP/1K6,d2b4|Q3R3/8/6k1/2K5/8/8/7p/8,a8g2|2r1k1q1/1pr5/4PPNR/p2p1Q2/8/1P6/1P1BKP2/8,f6f7|4r2k/R7/5R2/4rnN1/P7/1P3P1K/8/8,a7h7
R5R1/5k1p/1q4p1/1r1pp1P1/7P/5P2/1BQP4/2K5,g8f8|1kb5/2r3p1/1pP2q2/8/1QB1pP2/4P3/R7/1K6,b4b6|6R1/1p6/k1p1R3/1p6/1K6/1P6/8/8,b4c5|8/2RR3p/pp4p1/k7/P7/KP5q/2P5/8,c2c3|kr6/5R2/p1N5/8/P2B4/4P3/1KP4r/8,b2a3
6Q1/1p4R1/2p4p/7k/4q3/6PP/1P3PK1/8,g2h2|7Q/2pr1q2/1p4k1/1P1P3p/4PPp1/6P1/1B5P/6K1,f4f5|5k2/p2Q3p/q3p3/5p2/8/8/PPP3PP/1K1R4,d7d8|8/6P1/3k4/8/P2P4/1P2R3/1K4B1/8,g7g8q|k3r3/p2R3p/4P1pb/2p2pq1/p7/P1B2P2/1P2Q1PP/1K6,e2a6
4b1k1/p4rP1/1p2pPQ1/4P3/8/1P6/P2p3K/4R3,g6h6|r5k1/p3r3/2bNpQ2/1p2Pp1p/8/1pP4P/qP6/2KR4,d1g1|5Q2/1b2r2p/6p1/1q2r2k/1p2P1p1/1P3R2/P5BP/5R1K,f3h3|1R6/p2k3r/5p2/8/2Q1p1p1/1P1N1q2/P1PK1Pn1/7r,c4d5|5Q1R/pp6/8/4k3/B7/8/1KP5/8,f8e7
8/8/3b4/pp1B1PK1/k7/P7/1PR5/8,c2c3|4Q3/2q3bk/7p/3Bppp1/2P5/6PP/4P1K1/8,d5g8|1R6/5bpk/8/4Q2p/1ppPp2b/4P2P/1P3qB1/7K,g2e4|2r4k/pb3Q1p/1p1qN3/4N3/8/5P2/PP4rP/1KR5,c1c8|3R4/1b3kp1/p3p2p/P1Q5/7P/1q4P1/5P1K/8,h4h5
2n1r3/5Q2/6pk/4p1p1/3p4/6P1/3q3P/5R1K,f7e8|6k1/4R3/2r3K1/3Nb1P1/8/8/8/8,d5f6|2bRN3/k5pp/1pp2p2/p4PP1/1q6/1Pn3Q1/P1P3BP/K7,g3c7|1k1r4/8/pP1p4/1K3Q2/2P5/8/8/8,b5a6|6k1/5ppp/1p6/1q1p1Q2/p1rP1P2/2P3P1/1P5P/4R1K1,e1e7
8/4Qp2/p2P4/1p1k4/6P1/1PP2P2/P7/1K6,d6d7|1r2q2r/pp6/3pNpk1/3B4/3pP2Q/8/P1P3P1/6K1,h4g4|1q6/4r1pk/rN2b2P/ppP2p2/4pP1P/P1Q5/4NP2/4K1R1,g1g7|6k1/4r2N/8/5pN1/8/3P4/PP1K1Q2/R4B2,f2f5|3q3r/1p2R2r/3P2p1/p1PB1p1k/P5p1/6P1/3Q3P/4R1K1,h2h4
7k/p2Rr2p/1p3pp1/8/1b6/1B2B1P1/P4P1P/6K1,d7d8|8/k2p4/2pBpq2/5p2/3Pb1p1/4P3/PQ3PP1/K7,b2b8|8/1P6/P1KN1r1k/8/8/8/2P3R1/8,b7b8q|1kq5/8/p2pNp1r/1p2p3/P1p1P3/1n5r/1P3Q2/1K1R2R1,f2b6|8/2qrk1r1/b1p1B2B/p1bpQ3/2P5/1P6/P5PP/5R1K,e5g7
4k3/2Q5/2nP2p1/2p2p1p/1pB2P2/1P4PK/2r4P/8,c7c6|r5nr/p1k1p2p/8/7q/Q1B5/5N2/PP3PPP/1K1R4,d1d7|4br1k/p3Q2p/1p3ppP/q2B4/2Pp4/P7/4RPP1/4K3,e1f1|6R1/k1r5/2B1P3/q7/5B2/1rpK4/1P6/8,f4e3|2r3k1/3q1p2/1pnP1Bp1/p1bR3p/2B1Q2P/5P2/6P1/7K,d5h5
k2r4/5R2/1PK5/8/8/4B3/8/8,f7a7|r5qk/3b2p1/4p1Qp/pp1p4/3P4/4P3/PPnKN1P1/1B5R,b1c2|1kb2R2/5Rpp/1P2r3/2p5/8/6P1/5P1P/6K1,f7c7|8/4Q3/6p1/3k1p2/R7/2r5/1K6/8,b2c3|8/1k5p/p1p1Q3/4p3/3pq2P/P7/1P6/K5R1,e6e7
1r4k1/5p1p/p4Q2/5P2/2q5/3R4/1r4PP/5R1K,d3g3|3r2k1/q2n1p2/3Qp1p1/p3P2N/7R/Pr4P1/5PbP/4R1K1,h5f6|2rr2k1/7p/p4Pp1/2b1p3/1p4Q1/3P3R/PPq4P/R1B4K,g4e6|2br4/pk2PR2/1ppQ4/8/8/8/1PP4P/K7,e7d8q|8/p7/3N3p/kp2P3/3B4/PP6/4r3/1KR1b3,c1c7
6R1/rq1k3p/3pp1p1/3N1p2/5Q2/5P2/1b3PPP/2R4K,f4h4|8/3r3Q/1p1qpk2/p5R1/2P5/3P2P1/5P1P/6K1,g5g6|2Q5/1R4p1/5k1p/3r4/1P4P1/5pKP/5P2/8,c8e8|3R4/2p2rpk/6Np/p7/1n6/6P1/5PBP/5K2,g2e4|4QB2/p7/k7/1p4p1/3Q4/4P2P/1pr1r3/1R3K1R,e8e6
1r6/8/2p1p1Pk/1pPpQ3/3P1P2/1P2P3/1KB1q3/8,e5g5|4k3/PPR5/4Pp2/2N1n3/1r2K2p/4P3/7P/R7,e4d5|1Q6/5p2/P3b3/2k2p2/4p3/1PN2q1P/2K5/8,b8c7|5rk1/3R3R/4PK2/5P2/6bP/8/8/8,d7f7|4R3/pp1Q2pk/8/2r5/7P/5p2/PPr5/2b2K2,d7d3
6r1/1p6/pB2R3/Pk1p1p2/6rP/2P3P1/5K2/2Q2R2,c1b1|r7/1ppqR2p/6k1/p1Q5/4P3/8/PPPb2PP/1K3R2,e7d7|4r3/6k1/p5Np/q1P5/n7/Pn1BrPQ1/6PP/3R2K1,g6e5|R7/4r1kp/4Qbp1/3P4/1n6/5NBP/1q4PK/8,a8g8|k4b2/1R3Q2/p7/4BPp1/4P2p/1P3P2/2K3rP/8,c2d3
3R4/2r5/k6p/qpQ3pP/5pP1/P3rP2/1KP5/3R4,d1d6|2r2k2/5ppp/4b3/q3P3/Bp1p4/rP1P4/P1Q1R1PP/1KR5,c2c8|8/8/8/3RN1p1/5p1p/7k/5K2/8,d5d3|7r/pkp2Q2/np3R2/4p1B1/P1NpP3/1K1P2b1/1PP5/6q1,c4d6|1k6/pp4pp/3PPpn1/P3r3/8/2R5/4N1PP/6K1,d6d7
2k5/p7/1p6/2p2pPp/5Qb1/2P3P1/qP4N1/4R1K1,e1e7|br6/2Q1Rp1p/p7/3p4/k1pN4/2Pp2PB/P2N3q/K7,h3d7|7Q/8/8/8/5pK1/4pP2/3kB3/8,h8b2|r2q1b1r/pp2kppp/4pn2/1Q2N1B1/2P5/3p4/PP3PPP/R4RK1,b5b7|3Q4/p5kp/p2N2p1/2p2P2/3r4/6KP/PP3nP1/8,d8e7
8/1R5R/p4r2/k1Bp4/3P4/8/2PK4/8,h7h1|8/6k1/3p4/P2B4/3P1p1Q/2P4p/7P/7K,h4g5|4R2Q/8/6K1/1P6/1P6/8/2k5/8,e8e3|r2q1r2/p1p5/1p1pk3/3N2RQ/1Pp3pP/6P1/P4P2/6K1,h5g4|r5k1/3RR3/6Kp/8/5PPP/2p5/p1P5/8,e7g7
2r5/6RQ/1Rr1kp1p/p2p4/3P4/q3P3/P1P5/K3N3,b6c6|2r4k/5p1p/5R2/1p6/6R1/Q3PNP1/5PBK/2r5,f6f7|8/1k6/pb4p1/8/2QP1r2/2P4P/PP4P1/R1B1R2K,e1e7|8/p5kP/2R5/4Np2/8/1P3KP1/P4P2/8,c6c7|8/r1NP1Np1/1k5p/8/8/4P3/1P3PPP/2R3K1,d7d8q
1r4B1/1k6/4Q3/p3B3/1p6/1K6/3p4/8,e6d7|5k2/ppp2npp/6n1/6B1/6P1/1Q1R3P/PP2RP2/6K1,d3d7|1kbR4/p1pB2p1/Pp3p2/8/8/4b1P1/5r2/5K2,f1e1|q6r/5R2/1p1p2k1/1P6/2Ppp2P/3P2K1/3B4/5R2,f1f6|r3k3/2pR4/p1P3pp/1P3p2/4p3/2Q1P3/q1K2P1P/8,c2c1
2r5/2r4k/4b3/6Q1/B2P3P/B3R1N1/PP6/1K3R2,e3e6|5k2/2R4p/5Np1/4P3/5P2/6P1/n4K1P/7r,e5e6|k3r3/1p3N2/1Bp1P1p1/5n1p/2Q5/6P1/6KP/3q4,c4a2|k7/P4R1p/1P4p1/1K1r2P1/8/2p5/8/8,b5a6|8/ppB1P2k/6pp/2pP4/1qP4P/4n1N1/PPQ3P1/1K1R4,e7e8q
1kr4r/p7/1BQ2p2/3P2p1/4q2p/2K1PN2/2P5/6R1,b6a7|4R3/2q2p1k/8/p5p1/3Q2PK/3P3P/8/2r5,h4h5|1k1rr3/2p3pp/Q7/1N1nqp2/3R4/4P1PP/5P2/2R3K1,d4a4|1r3k2/p7/P1ppr3/3Npn2/p5RQ/P2P1P2/2P3KP/8,h4h8|k5rr/1bQ4q/pP1p2p1/3Pppb1/8/3P1BP1/5KNP/R4R2,a1a6
3q4/4p3/1p1pBb1k/p2P1Q2/P1P5/1P5p/8/7K,e6f7|k1r5/1r6/p2Q2pp/5p2/8/5P2/P4BPP/K3R3,d6a6|2Q2n1k/q3p1b1/3p2p1/2pP2PP/1p2P3/1P4N1/2P5/r1B2RK1,f1f8|kr6/1p3R1p/pQn3p1/3pR3/K2Pp3/1PP5/P7/2q5,e5e8|8/P7/8/8/2Q2pk1/2P4p/5PPP/5K2,a7a8q
Q7/8/1k1r4/7B/1N3P2/2P1P2P/2KP2P1/8,a8b8|8/1k1P3R/1B3p2/6p1/2p5/b1p2N1P/5PP1/6K1,d7d8q|8/2r3k1/4qNp1/4Pn2/1p6/6P1/5P2/4R1KQ,h1h7|6n1/3R4/7k/4B3/5PP1/6KP/P7/8,f4f5|1rk5/2Bn2p1/2R4p/p4b1P/2p2P2/P5P1/2P3B1/2K1R3,e1e8
8/3R1R2/2N1p1pk/2B4p/2P5/5r2/5PPP/5K2,f7f3|6k1/4q3/2p1nppQ/1p2b2p/1P2P1B1/2P3P1/r6P/2BR3K,g4e6|1k6/2r3P1/3Q4/1b3p2/3P4/8/2P5/2K5,d6b6|5r2/7R/1pR5/p4p2/1kP1BPr1/4P3/PP4PP/6K1,c6b6|6Q1/1kp1P3/7R/p7/1p3P2/P2RP3/1PP1q3/1K6,g8d5
4r2k/3qP3/3P3p/p1B3b1/2P5/P4QP1/7P/6RK,c5d4|1r3R2/p2k3p/1p1p2n1/1qp5/8/3P2PP/4KR2/5Q2,f2f7|8/pkp2R1R/1p1p4/4p2p/2Pn4/3P2P1/PP5P/1K6,f7c7|5r2/1B6/p2R4/2k1r2p/2p1p1n1/K1P3P1/1P1R1P2/8,b2b4|8/p3qp1p/5Qp1/rb3nPk/2p1N3/8/P4PBP/3R2K1,e4g3
3r1k2/pp2R3/1p5p/7N/1B6/P2r4/1P3PPP/5K2,e7d7|2B5/1pR4p/kr3q2/8/3PQ3/PP4P1/1KP5/8,c8b7|7r/2p3r1/5k1p/3bN1N1/5PP1/2Q1P3/PPP1q3/1K1R4,e5f7|3kb3/Q5p1/3B3p/4p3/2P5/3P4/1P3R2/K5q1,a1a2|2k1r2r/p4p2/2P2b1p/6p1/1Pb5/4Q1B1/5PPP/1R4K1,e3a7
8/6pk/Q4p2/3pR1P1/8/2P2P1p/P6P/1R4K1,a6d3|2br4/2p1q1rp/kp2p2R/2b1P1N1/p1Np1PB1/P2Pn3/1PPB4/1K5Q,h1a8|8/1P6/4k1p1/2Rp3p/3P1P1P/2P5/6K1/8,b7b8q|4r1k1/pp4p1/1b1B4/5PPr/3p3p/2P4P/PPK5/4R3,e1e8|5Q2/8/5pk1/3K2p1/6P1/8/8/8,f8g8
2R5/4qppk/1p5p/rP1pB3/3P3P/r4P2/5QP1/6K1,f2c2|8/kpQB4/p7/3p4/1n1P4/qPN3p1/P1P5/1K6,d7c8|k1r5/2r2bqp/pQ3p2/1p1Pp3/1B2P3/N2P2P1/P7/KR3R2,b6a6|3q1kn1/1r2p3/n2p4/2pP1B2/p1P5/Pp4QP/1P3P1P/4R1K1,f5e6|q3k3/1b1n1p2/1r1P1n1Q/1p2p3/2p1N3/8/1PB3PP/5R1K,h6h8
8/P7/7k/3Q2p1/8/3p4/8/1K6,a7a8q|8/pp6/2br1b2/1k1B4/7p/4Q2P/P4PP1/3R2K1,d1b1|8/kr2R1R1/ppb2p2/1qp5/8/P2P3B/2P4Q/2K5,e7b7|8/2bR3p/q5kr/2p5/8/1P2PQP1/5P2/6K1,f3f7|2k1r2r/Rb3q1p/3B2p1/2P5/2n1Bp2/5P2/1Q4PP/R5KN,a7b7
8/8/3p1R2/2pqB1k1/7p/8/4QK1P/8,e2e3|8/P7/8/7p/2B2p1k/1P1R3P/5PP1/1K6,a7a8q|5Q2/kb6/1p6/pQp4p/2P4P/qP6/P5P1/K2R4,f8d8|6q1/2k3P1/Q2Rp1R1/8/2r5/8/1PP5/1K6,g6e6|4k3/1p1r3p/p2pq2B/5bPp/P2Q1P2/1P5P/2P5/1R4K1,d4h8
r1r1k3/pp3p1P/3P1b2/2p1p3/2P1B1R1/4B3/7P/2R4K,e4f5|8/6P1/1k6/1p1BP3/1K2P3/1P6/2P4P/8,g7g8q|3Q4/6p1/4P1pk/pp6/6R1/1P6/2r1K1PP/8,e2d1|8/p5Rp/kpnb1n2/2p2B1q/3p4/3P1Q1P/PPPB4/1K6,f5c8|5k2/1p2R1R1/p6P/4P3/8/1PP5/1K4P1/7r,e7f7
8/2p5/4QRp1/4n2p/3k4/6P1/1PP4P/2K5,c2c3|1k6/2p5/QB1bq3/3N1rpp/4p3/P3P3/5rP1/1KR4R,b6a7|4rr2/2R4Q/p3B1p1/1p2p1k1/4P1b1/8/Pq3PPP/5RK1,h2h4|3r2r1/p4R2/b1pN3p/1p2k3/n7/4P2B/P1PRP2P/7K,f7f5|4R3/r2n3k/3pBb1P/2pP1P2/1p2p3/1P2B3/P7/1K6,e6g8
r3rk2/1p5R/3p1Bn1/pP4PB/P1P5/3pP3/5P2/4K3,h5g6|k7/1p4pp/p2P4/2Q5/8/Pq3p2/1B2r3/K1R5,c5c8|5rk1/1p2R3/pqr2p2/3p2p1/P5Q1/2P5/1P3PP1/4R1K1,g4h5|8/P1k4p/4R3/4pP2/8/1p6/1PP4P/7K,a7a8q|6rk/8/1p1q4/p1nPR1p1/2P4p/8/P1P2BKP/3QR3,d1h5
5Q2/6P1/8/k7/1p6/7K/8/8,g7g8q|b3k3/6R1/1p1p1P1B/r2Pp3/4P2P/P1p5/4K3/8,f6f7|r7/q1PQ2p1/5k1p/8/1N6/8/1PP3PP/1K1R4,d1f1|rB4R1/P3P3/6b1/8/8/1p5k/1P1K4/8,g8g6|5r2/2R2Pk1/5N2/3pn3/1b6/pP1qP2P/P2p1Q2/K4R2,f6e8
8/1r2r2p/1Ppk1p2/q2p1Q2/3P4/2R1P2P/1R4P1/1K6,f5f6|n7/p7/2r3k1/p7/3P1Q1R/1PN5/P1PP1PP1/5K2,h4g4|8/p1r1kpn1/1p6/1Pq1pQP1/6P1/P7/1P2P3/3RKB2,f5f6|5r2/1pkNR3/3R4/pP6/P1PP1P2/3r3p/7K/8,d7f8|3q2rN/4k3/p1nppn1B/1r6/p2p4/2P4P/1PQ5/5RRK,c2h7
7Q/3pb3/1kp5/p1pn1Q2/P5P1/1K6/1P1r4/8,h8b8|8/1p6/2p5/8/p2K4/5Q2/k7/8,d4c3|8/3Q1pkp/3b3N/p2q1PP1/Pp1p4/2p3BK/1P5P/8,d7d8|8/2R5/3Q4/5P1p/4P1r1/P7/1kp2KBP/8,c7b7|5rk1/6p1/b1Qp4/p7/2P2P1b/8/Pq4B1/3RR2K,c6d5
8/k7/3Q1NK1/6P1/8/8/8/8,f6d5|7k/3r2b1/3N2p1/6Pp/P1Q1b2P/BR6/1PPK4/7q,b3b8|5r2/8/6R1/8/P2p1kB1/3K4/1P3r2/4R3,e1e4|4r3/pQ4pp/3kqp2/N1p5/6P1/P3P2P/1P6/1KR5,c1d1|4K2k/8/R6P/6P1/8/p7/2n5/8,g5g6
k3r3/2r4p/3Q1nq1/5pp1/3Pp3/4P2P/1B3PP1/1KR4R,c1c7|8/2P5/Pk6/8/P3BK2/8/8/8,c7c8q|1kq4r/3R4/5p2/1p2p3/1Qb1PnpP/2P5/P1PR1PP1/1K6,b4d6|2r5/pp1k4/6Q1/5R2/8/2r5/q4PPP/4R1K1,e1d1|3R2r1/Pk2P3/1P6/8/2K5/5p2/8/8,a7a8q
5Q2/1k1p3q/1P2p3/4P2p/N1P5/5b2/K2R3P/5r2,a4c5|8/7p/3k4/5Q2/R5P1/7P/P4K2/8,a4a6|8/3P2k1/5p2/pp5P/4R1P1/8/P1P5/2K5,d7d8q|r1q1r2k/1p6/p1b5/4p1Q1/P3N3/7P/1PP5/5R1K,g5h4|8/1Q6/8/4r2p/3kp3/7P/q4PP1/2R3K1,b7b6
3k4/Qp2R3/2q1p3/3pBp2/1Pb2P2/8/2P3PP/6K1,e5f6|2R5/3P1pk1/5p1p/5P1P/K1Pp2P1/3P4/1r6/8,d7d8q|5nR1/r3q3/p6k/1pp2p1P/4pP2/PP2P3/2P1B3/Q5K1,a1h8|8/4k3/2K5/6Rp/7P/q7/5R2/8,g5e5|8/P1k5/1R6/2Bp2P1/1P1Pq3/8/1KP5/8,a7a8q
q7/8/2r2N2/2k3p1/b7/3Q4/1PP5/1K2R3,f6d7|1kb3R1/p6R/1p6/4p3/2B1P3/2b2P2/1K6/8,b2c3|2B5/p1b4p/4Q3/1p6/1k6/5b2/PPP2q1P/1K1R4,c2c3|7k/p1R2B2/2p2Kp1/5p2/3r3p/8/8/8,c7c8|3r1k2/1P2R3/2N3P1/5p1p/5P2/1P4P1/4K3/8,e7f7
7k/5K2/R6P/6P1/8/8/p1n5/8,g5g6|4k3/1q3pbp/p1NB2p1/3P2P1/2p3Q1/7P/5P2/r4RK1,g4e2|2r1br2/2q2p2/p3pNp1/1p1pPk2/8/1PP2N1R/P4PPP/4R1K1,f3d4|8/p1p1RR2/7p/2p3p1/P5k1/6P1/7K/8,f7f6|Q7/5P2/1k6/4p3/8/5P2/8/2K5,f7f8q
1r1r2k1/1p5p/p4ppB/3p4/2Q5/3R4/P3qPPP/3R2K1,c4c7|8/2PQ4/r4pk1/8/6p1/2NP1B2/1PKQ1PPP/q7,f3e4|1Q6/3k4/P2B4/2p4p/2Pp3P/3P4/6P1/5K2,b8c7|r2n1k2/1b3p1B/p7/1p6/4Q3/2P2NN1/qP3PPP/4R1K1,e4e8|3Q4/8/2k5/5P2/1P1P4/7p/6PP/5RK1,f1c1
6k1/5p2/p7/Q1p3p1/1PP1P3/6PB/5P2/R2R2K1,a5d8|6nk/1B4rp/6q1/3PQ3/4P1p1/2Q2PR1/PP6/3KR3,g3g4|3r4/pp3Q2/3N2pk/2P2n1p/8/3B4/PP2KR1P/2q5,d6f5|5r2/p3R3/1p5p/1R4pk/4N3/7P/r4PPK/8,e7e6|1R6/2p2Q1p/8/1p3P2/1P6/P1k5/6qP/K2R4,f7c7
4r3/1Bpk3p/3b1Q1B/rP1Npp2/n7/3P2P1/5PKP/3q4,f6f7|3Q4/4R1pk/p4r1p/8/6P1/BP6/P1PP3P/6K1,d8d3|5Q2/kp6/p7/4B1Pp/8/Pq6/1P4P1/K1Rr4,f8b8|krb1R3/1p4Q1/p2N2p1/7p/8/1P1P1P2/P1P3PP/1K6,e8c8|r7/1pQ4R/5pP1/1krp4/p7/2P5/1P3P2/qBK5,c7b7
8/8/p3Q3/1k6/7R/2r5/1p5P/7K,e6d5|8/p6p/3Q2p1/k1pP4/4P1B1/P1NP4/3K1qPP/RR6,g4e2|6R1/6P1/8/kp6/pN6/P2P4/1PP3B1/7K,g8a8|8/p7/8/5pQ1/KP4rQ/5q2/P5k1/8,g5d2|4r2r/5k2/2p2P1p/p2pP1p1/3P2Q1/6PB/1n5P/6K1,g4d7
3R4/p5k1/2p2rp1/4Q3/8/8/K1P3PP/8,d8d7|1k1r1r1n/p1Rbq1pp/8/p2PPp1P/5P1b/PP1B4/1B5Q/1KR5,h2g1|8/1k3p1P/1p6/8/2R5/1Q6/2P2PPK/2qr4,b3f3|R7/1r6/1pqk4/2p2pQp/7P/3P2P1/2P5/2K5,g5f6|4Q3/6p1/k7/pR2R2p/P7/1P6/2P3PP/1K1r4,b1b2
kn2q2r/2Q4p/2R5/p7/1p2p3/8/P4PPP/6K1,c7a5|8/5p2/R6p/2b1Pkp1/8/3N1P1P/3B1KP1/7r,f2e2|5r2/pq1k4/1p5p/2pN4/2Pp4/3P2P1/P1P1Q1KP/8,e2e7|1k6/R5r1/1pB2R1p/2p3bb/2PpP3/3P2P1/P7/1K6,f6f8|6Q1/pp6/6pk/3B3r/2P5/1P4P1/5PKP/1q6,g8h8
5Q2/1p1k4/1r4r1/8/q1p1P3/3P2P1/1B5P/1K3R2,f1f7|3q2Q1/4kp2/R2p1b1N/2pPn1p1/1r4P1/7P/2B2P2/6K1,a6a7|8/8/p7/2R5/1k1K4/7q/2B5/5R2,f1b1|8/3K3k/1p3Q2/7B/P7/8/8/7q,h5g6|6k1/2nr4/5Q1p/8/3Pr3/8/PP1R4/1K3R2,d2g2
6k1/pp3p2/5np1/2P3q1/P6R/7Q/3r1PN1/6K1,h3c8|6R1/4P3/5B2/1p3kP1/3p4/8/P4K2/8,e7e8q|r4r2/4k3/pq1pn2Q/1p1bNB2/2p5/2P2PpP/PP2R1P1/R4K2,h6h7|7Q/1k1K4/8/pp6/8/8/8/8,h8c8|1R6/r2r1kpp/p7/2Q1P1q1/4B3/8/KP4PP/8,b8f8
3Q4/1k5K/8/P7/1B6/8/8/8,d8b6|3rk3/p1q4p/1p1b1Qp1/3B4/P1P1rR2/7P/1P3PP1/6K1,d5c6|r7/P7/R7/2kpp3/2P1P3/2K4p/2P2P1P/8,e4d5|8/3R4/5P2/kpp1N1pp/8/P1P3P1/P6P/5K2,f6f7|k7/p2p1r2/1p1N3p/2r1qP1B/2P1p3/1P2P1QP/P7/1KR5,g3g8
rrbq3b/2p2k1p/2P2n1P/1pBPQ1p1/pP2PpP1/P4P2/B7/1K4RR,d5d6|8/p7/kp1N4/3pq1p1/PP4P1/8/1KQ4P/8,b2a2|8/1R6/2R3pk/5p1p/7P/1P4K1/1r3PP1/8,c6c7|4r3/5p1k/8/5P2/6QK/6P1/P1P1p2P/8,f5f6|r5k1/5p2/4pPb1/6Q1/p1pP4/1pP1Kp2/5R1q/8,f2h2
k1r4q/8/2pB4/p2B1pp1/P2Pp3/4P3/1Q4P1/1Kn5,b2b6|5r2/k7/2Q4p/2P2pp1/P7/4P3/5PPP/K7,c6c7|2r4k/4N2p/p4p2/1p6/3P2Q1/4P1P1/Pr3P1P/6K1,g4c8|1nbk4/5p2/5bp1/1p1P4/3B1N1P/1P6/P1R2PB1/3Q2K1,d4f6|1k6/1nr5/pN4Q1/3p1p1p/2p2P1P/2PpP1P1/q2P1K2/1R6,g6e8
2Q3R1/p3Rp2/5k1r/3B2p1/5r2/6p1/PPP2bPP/7K,e7f7|2N5/2P5/5k2/2RQ2p1/3p2p1/2b5/6KP/1q6,d5g5|2k5/2B5/p2qr1p1/8/2RpBQ2/P2P2P1/1P5P/1K6,c7d6|1k1b1r2/p4n2/1p3q1p/1N1p4/Q6P/2PB2P1/PP6/1K6,a4a7|r1b2r2/q1k2p2/7p/1p1pN2P/1p1pPP1Q/1BpP4/2P1K3/6R1,h4e7
2rq4/k2p4/nr4pp/1R1QPpb1/8/2P2N2/1PK2PPP/R7,a1a6|1r1Rr3/p4kp1/1np5/2p3Q1/4B3/P5P1/1q2PP1P/6K1,g5g6|1k1r4/2p5/2P5/P2r4/P1Q5/7p/K3R3/4b3,c4b3|3r3k/5R2/6R1/p4pP1/1p6/1B1b4/PP3b2/2K5,g6h6|8/1k5p/p1r5/1p1Q1R2/5P1P/qPpPP3/P1K5/8,f5f7
5Q2/1b1r4/1R1N2k1/2ppn3/4p2p/1P2P2P/P1P1B1q1/1K6,d6b7|7R/2R2Qp1/4p2p/p3q1k1/P6r/1P2N1P1/5PK1/1r6,g3h4|4Q3/6pk/2p1N3/3pP3/p2P4/2R3PK/8/5r2,e6g5|r7/p3B1p1/1pk4p/3p4/5QB1/7P/1P3PPN/6K1,f4d6|8/6R1/kpP2p2/pN2p3/2rr1p2/K2P1B1P/P1PQ1P1P/6R1,d3c4
6RQ/5p1b/8/3P1k1q/4r2b/4PP2/8/2R2NK1,f3e4|R1Q2b2/r7/1p3pn1/1k4p1/1q2p1P1/8/PP3P1r/1KR5,a2a4|5rR1/kp6/p1p4p/8/PQpP4/2N4P/1Pq5/K7,b4c5|kq3r2/p1p4p/2Pp2p1/RP2p3/8/R4P2/Q1P3PP/Kr6,a1b1|k1rn4/p5R1/8/1Q6/3pN3/P2P4/KPP5/7q,b5d7
4R3/2P1B2k/7p/4pKp1/4N2r/5p2/P7/2b5,e8h8|4rr2/3Q2p1/kp6/3np2p/3pN2P/P2PnP2/1P4P1/1KR5,e4d6|8/8/8/p7/8/P7/KP2Q3/2k5,a2b3|5Q2/3R2pk/r1K2p1p/2B1p3/4P3/5P2/6PP/8,c6d5|3Q4/kP3pp1/p7/1q5p/5PbP/PP4P1/2P1r1B1/1KR5,d8a8
8/p1p5/1p1pr1pk/1P3PR1/7P/4r1Q1/P7/5RK1,g5g6|2k4r/p1q2pp1/1p3n2/1Pp5/6r1/4RQP1/P3PPB1/3R2K1,f3a8|1r3r2/5k2/1nQ2Np1/p1p2pB1/P3p3/3B4/1P3PPP/6K1,c6c7|8/1pR5/B4k2/p1Br1ppp/5P2/1P4P1/P6P/4R1K1,c7e7|8/5k2/2B1R3/P1N1p1KP/8/8/P7/8,e6e8
r7/1pp4Q/p2k4/2qP1p2/6b1/1P1B4/PKP1R3/8,h7e7|6Q1/p7/3k4/PP1p4/3K2n1/2P4R/7p/5q2,g8d5|2rk3r/RP1N1P1p/3p2nb/2p1p3/2P5/1K3B2/7P/8,b7c8q|1k6/1pp3p1/6bp/p3Q3/7q/KPPP4/P7/5R2,f1f8|2R5/3Q1K1p/1p6/5p2/pk6/7q/PP6/8,d7d2
3k1r2/4R3/8/4pNn1/1P5Q/P1p2P2/5KPP/8,h4c4|rn1Q2qk/ppp4p/8/4P3/3P3p/2P4b/P1P3P1/5RK1,f1f8|k1b1r3/1p2P3/pB6/8/5PPp/P7/1K5P/3R4,d1d8|1k6/p6p/Q7/2K5/4n3/4r3/PPP2R2/8,c5c6|8/8/8/8/3KP3/8/Qp6/2k5,d4c3
1R6/1n1r1pp1/1np1q1k1/1p2P1P1/1P2P1P1/4N2P/6B1/4Q1K1,e1h4|4q3/2Q2b2/kp2p3/p1p1Bp2/8/P4BP1/1PP4P/1K6,c2c4|8/1p1N4/2p1P1kp/p7/2P4p/1PQ5/P4P1K/3q4,c3f6|3R4/r1p2p1k/5Bpp/4q3/p7/3B2PP/4KP2/8,f6e5|k1b1r3/6pp/1QP2p2/5P2/1p2pNP1/1P2P2P/P2q4/1KN5,c6c7
4R3/5pp1/2Qp1kr1/4p3/4P2p/1P3P2/1BP2qP1/7K,c6d6|4R3/8/1p1k4/3N1b2/8/3P4/1QK5/r4q2,b2e5|1R6/1R3rpq/k2p1n2/3Pp2p/4P2P/P1NbBB2/6P1/K7,b7f7|6R1/1bq1kr1p/8/1p1BP3/2p2P2/4P3/1r4QP/6RK,g2g5|4Q3/1R4p1/7k/5p2/1P5p/P4P2/2P2KPr/8,b7b6
3r3r/3kn1R1/2q1b3/3p2Q1/pp1P1B2/7P/PP4P1/4R2K,g5e7|8/4Q3/2b3k1/p1p1p1N1/2p1P3/q4P2/P5PP/K6R,e7f7|4Q3/1R6/8/pp3r2/1kpp1p2/3P3R/PPP2K1P/8,e8e7|1r3r2/1k1b4/1P5p/p3Ppp1/2Q5/6PP/P7/K2R4,d1d7|5r1R/1b3k2/4p1p1/3pPpq1/1p1B4/1p3K1R/1P2Q2P/r7,h3h7
8/6bk/1r6/p4Npp/1n2QN2/8/PPP4P/1KRR4,f5g7|1nq1k3/6p1/2P1b3/2B1Q2P/3pP3/3P4/P5P1/KR6,b1f1|R2rr3/1p1k2pp/1R1B1p2/2P2P2/4P1P1/3P3P/3K4/8,b6b7|b6k/5Brp/p1q5/2b1QR2/1p2p3/4B3/PP5P/4K3,e5b8|8/p3R2p/3p2b1/3Q4/1knP4/8/P1P3PP/2K5,e7b7
2R5/1Q2n3/3k1q2/2p2r2/p1Pp1p1P/K2P4/8/2N5,b7b6|2k5/2pR4/1p3P2/p7/1rn1Q3/1PK5/P1P3PP/7R,d7e7|8/2Rn2kp/1p1Qp1p1/3p4/p2P4/7P/4qPPK/8,c7d7|Q2R4/2P2p1k/5Pp1/2r5/6P1/P3B3/2K5/8,e3c5|8/PQ4pp/4k3/5p2/1P5P/4p3/6PK/8,a7a8q
k3q3/1p6/2p3p1/p1Qp1pBp/3P4/P1PB1P2/1P6/1K6,c5a5|2Q5/4pkP1/1B1b4/pP6/P1P1KP2/1r4r1/8/8,c8f8|5R2/1r3p1k/8/n2pPpB1/8/1p6/4B1PP/6K1,g5f6|4R3/8/5Qpk/p6p/1p5P/2p5/6P1/3q3K,h1h2|k2r4/6R1/2p2p1B/ppP5/4B3/6P1/P2P3P/1K6,e4c6
8/pR6/2pN1r2/k7/3b4/1P3n1B/P1P4r/1KBR4,d6c4|r6r/p1R1p3/Bp1p4/3P1kp1/PP2R3/5PPp/5KnP/8,e4e6|8/1p5Q/2q2p2/4n3/5kp1/8/5PPP/3R2K1,d1d4|8/8/k1KP3p/1p3Bp1/pP4P1/P6P/8/8,d6d7|4Q3/2k2K2/8/7p/p1B1N3/3P2P1/8/8,c4a6
8/4r3/4k3/1Q6/4BR2/6P1/2p2PK1/3q4,b5c4|k7/pp4p1/1b5p/1r6/2PQ4/8/P5PP/1KR5,c4b5|3Q4/1p6/2r5/4R2p/1k6/1P4PP/qBn5/2K5,d8d2|2Q4R/p2P4/5p2/N7/2b1k3/K7/8/2B5,c8c4|r5k1/pp4Pr/2p5/3pRQ1p/P7/2P5/3q1PKP/4R3,e5e8
1n1k4/p7/2Pp4/2P1bQ2/3N4/6P1/q2B1P2/6K1,f5f8|1q1r2k1/1b4pp/4p3/p1R1N3/PpQ1PP1P/4n3/1P4P1/6K1,c4e6|8/8/8/5p2/5P1Q/1R2P3/K5k1/8,e3e4|4Q3/3B4/7b/1R6/k1KP4/8/2r4P/8,c4d5|2Q4r/p3b2p/1p2Ppp1/3p1P2/k2P1B2/7P/1P4P1/1K6,c8a6
4r2k/5Rbp/5R2/7Q/4p3/8/6PK/2q5,f7g7|k7/7R/B1K2p2/8/2P5/p7/2r3PP/8,c6b6|r1b2Nk1/1p2R1B1/p1q5/8/3pp3/P1N5/1PP4P/6RK,g7h6|3q3k/1R5p/3rQ1p1/2p5/P2pP1N1/6PP/5PK1/8,e6e5|1R4Q1/6b1/N2p2k1/1K2p1p1/4P1P1/8/7r/8,b8b7
6k1/p6p/1b1N2p1/7n/q3P1Q1/P5P1/1P4KP/1B3R2,g4c8|4B3/2P5/1k6/pP6/2RP4/1K6/4r3/1b6,c4c6|Q7/6kp/1q5b/5p2/p4P1P/2r5/K5P1/3R4,d1d7|2kb1R2/pqp3p1/1p1p3p/4r3/4P2P/P1N3P1/1PP1Q3/1K6,e2g4|3r1q2/p1p3p1/1pkp1P1r/4P2p/3Q4/7P/PPP3P1/1K1R1R2,d4d5
3r3r/1R5P/k1p5/5p2/p1P5/2K5/P1P5/1R6,b1b6|k1q5/3n2R1/pBpQ4/P2p4/4r3/1P2P1p1/2P5/1K6,g7d7|5n2/pR4p1/6k1/3p1N2/2bPp1PP/2r1Pn1B/5K2/8,b7g7|8/6R1/5K1k/3P4/8/4pP2/8/8,g7e7|8/7p/1k6/2p1N3/3Q2R1/1p6/7q/1K6,d4d6
6R1/8/8/P6k/8/1P1P4/2P2K2/8,a5a6|8/2RP1k2/8/p7/Pp5B/1P6/2P5/1K6,d7d8q|1Q1Q4/8/8/5k2/8/P1p5/3K4/8,d2c3|3R4/1P4k1/8/6Pp/p6P/6K1/p4P2/8,b7b8q|rq1k4/pb3pQp/1pB5/8/8/P5P1/1P3P1P/3rR1K1,e1d1
2q5/pkN4Q/2pB1p2/1p1p2p1/8/1P2P1P1/PKPP2r1/8,c7b5|8/6q1/2p2Rbp/2P5/p2p1QPk/P7/7K/8,f4f2|r6r/p2k4/2p2Q2/3p4/3B4/6Pq/P1R4P/6K1,f6f7|4n3/8/7k/1nPpN3/3P1P1p/5Q2/2K5/8,f3g4|1n5k/r5p1/p4b1p/3QN3/1q1P1P2/4B3/RP4PP/2R3K1,c1c8
4r2k/3n4/r3pn2/6R1/p1P5/P1B4P/8/1B2R1K1,e1e4|6R1/6R1/4rp1k/p1B1p1p1/2P1P2n/1P3P2/8/2n2K2,c5f8|7k/4rBp1/7p/q1P5/3P4/bQ6/Pp4PP/1K3R2,b3b8|1k6/1p1q1p2/p2p1p2/3Bn1r1/8/PQ6/1PP5/1K5R,h1h8|8/6Q1/8/p7/4PR2/1P1K4/P1p4P/1k6,f4f1
1k1r4/R1R5/1p1p4/P1p1p3/4P2p/8/KP6/5r2,c7b7|2k5/4R3/1pN4p/3P4/P1P4r/1K6/6p1/8,d5d6|1kr2Q2/7p/6p1/1p6/p2RB3/3K3P/2P3P1/4q3,f8d6|3r2k1/4q1b1/3Np1Q1/p3P3/1p1R4/1Pn3P1/6K1/7R,g6h7|5k2/4r3/p3P1Q1/1p3P1p/5p2/7P/6PK/8,g6f6
r7/3R4/6P1/4p3/8/pP6/P6k/1K4R1,g1g5|7k/p6p/6p1/4p1q1/4Q3/P2P3P/1P4P1/2r2R1K,e4a8|1kr2r2/p7/1BQ2p2/3P2p1/4q2p/2K1PN2/2P5/6R1,b6a7|8/5kp1/1pQ1r1np/p2p4/P2P4/1q3N2/6PP/5R1K,f3g5|4k3/1pp1nrQb/4R2p/pq6/2NP3B/1B6/1K5P/8,e6e7
8/3r1p2/4p1pp/4PP2/pP1pK1Pk/P1bP4/2R5/6R1,e4f4|8/8/4k1q1/2Q5/2P1p3/5R2/PP6/1K3R2,c5d5|8/6P1/7p/kP6/P1K3R1/r7/8/8,g7g8q|2Q5/k6p/8/1p1q2n1/8/PP6/K3R1PP/8,e2e7|2r5/3R4/4p2k/6pn/1p6/4Q1P1/r4P1P/1R4K1,e3e6
8/PR6/2Bbpk2/2p2pp1/2P5/5N2/5PP1/6K1,a7a8q|k7/q3N1bp/8/p1R3p1/P2P4/3Q1P2/4p1PP/6K1,c5c8|8/8/p4q2/4p2p/2Nn1p2/8/PPk2PPP/4Q1K1,e1c3|8/4Q3/p3B1pk/1p6/8/1PP3P1/r4PK1/3q4,e7f8|7k/4KQ2/3p2p1/8/pp2P1P1/5P2/P1q5/8,e7f6
2Q5/4bk2/1R3n2/p1p4p/3p1B2/1P1P4/P1P2PPP/5RK1,c8e6|4R3/1p3B1k/8/5p2/3B2p1/1P3K2/5P1r/7r,f3f4|1r4k1/2R4R/1p3r1p/1b2Pp2/1p6/5P2/PP4PP/7K,c7g7|7Q/8/2k5/8/8/R7/4P3/B1K5,h8c8|1R5Q/4kr2/1bqp1p2/p4P2/P4p2/1P6/2r3PP/3R3K,d1e1
r1b5/pp1k3P/4p1n1/2Qp4/3P4/P1P5/5K2/R6R,h7h8q|8/8/4R3/p4pp1/P5P1/1Pk4K/8/3Q4,d1c1|2Q5/kb4Rp/p2p4/1p1P4/4P3/P7/K1q3P1/8,c8c2|4k3/p2r3p/3P4/5Q2/P4P2/8/q5PP/3R2K1,d1e1|5k2/8/3P3P/p4KP1/N7/1P2B3/8/8,h6h7
8/k1p5/1p6/6Q1/1pB5/1K6/2PP3P/2R4R,c1a1|2R5/p7/1k1b1P2/3Qp3/P2p2P1/5P2/1P6/K6r,a1a2|6k1/8/4P1PK/5B2/p1b5/P7/8/8,e6e7|8/q1kr3p/4R1p1/2pQ4/3p1P2/1P1P3P/P1P5/1K6,e6c6|7R/p5k1/5pp1/1p1pq1Np/4b2P/5QP1/5P1K/8,f3a3
8/7p/8/Q2b4/1P6/Pk6/5PPP/3R2K1,a5d5|4qk2/2R1r1pp/1p2Qp2/r2N4/4P3/7P/5PPK/8,d5e7|3Q4/5kp1/5n2/3b1N2/N3p2p/3pP3/1B3PPP/K2R3R,d8e7|8/3P2R1/kp6/p7/P2K4/5p2/6p1/8,d7d8q|5Q2/8/6p1/1p6/2B2Pkb/2P1K3/PP6/8,f8c8
8/r5Q1/2k4p/3pPBp1/1P1p4/6P1/8/1K6,g7a7|5R2/4P3/8/5p1k/5p1p/8/5PKP/8,e7e8q|7k/8/1q1p3B/pb1p1Q2/1p1b3P/5NP1/PP4K1/8,f3g5|1k6/2p5/1p3p1p/1PbQ1P1P/p1B5/2P1q3/6P1/3K4,d5d8|2r2k2/pr3p2/6Rp/3pP2P/5Q2/PpP4q/8/1K3R2,f4h6
5r2/k1p2br1/p4R1R/1BN5/3P2P1/P3P3/1PPB4/1K6,f6a6|N5nr/1pq2Q2/pBk4b/3r1ppp/8/7P/PPP2PP1/4R1K1,f7c7|6r1/pp1B4/1q2N2k/4p1pb/8/6K1/PPPQ4/7R,h1h5|2r4r/3R2p1/pk3p2/4pP2/7P/QBq5/K1P3P1/1R2q3,d7b7|8/1pp3P1/2k2N2/p7/2P5/4Bp2/8/2K2R2,g7g8q
1B6/3Q4/pp4qp/2k3p1/P4p2/1P3P2/2P3bP/1K6,d7e7|1kr5/4Q3/8/8/5PPP/3p4/4K1B1/6R1,e2d3|8/8/2B5/3K1pn1/1qN1p3/4P3/2k5/5Q2,c6a4|8/pQ4b1/4kp2/8/3P4/6R1/qBr2N1P/6K1,g3e3|8/k2P4/b1P4R/2p1p3/2P1P3/8/4B1PP/K7,d7d8q
2q4k/1R1n4/4QP2/8/3B3p/7P/P6K/8,e6f5|4R3/p2kP1pp/3B4/8/8/P7/1P2R1PP/6K1,e8d8|2k5/Q2p2q1/1Bp1pnP1/1p6/8/1P6/P2P4/1K3rR1,b1c2|3r4/7p/1r6/p2B2p1/Pk1KP3/1P3P2/1P4PP/2RR4,d1d3|1kr5/4q1pp/Q2N4/2pn4/4p3/P3P1BP/5PP1/K1R5,d6c8
1k6/5rq1/R6Q/1p4n1/3p4/1P1B4/P1P5/1K6,h6b6|5k2/8/2K1PP2/2p4B/2P2b2/8/8/8,e6e7|3k2r1/R3R3/p1p4p/8/5p2/PP3P2/2P4P/1K6,e7h7|r5nr/2p4p/5p1b/k2N4/Pp1P2p1/n2Q2B1/5PPP/5K1R,g3c7|8/7p/4Nkp1/5r2/4Q3/6PP/Bp3PK1/2q5,e4d4
rr2k3/5p2/p2p1BpQ/1p1P1P1p/2p3q1/P1R5/1P4P1/5R1K,c3e3|8/2k4B/3R4/1pB5/1P3n2/b7/P1K3PP/4R3,e1e7|6rk/ppp4p/1n2Q3/6p1/3P4/7R/P4PPP/5RK1,e6f6|7r/5k1p/p7/2Q5/P1P5/Nr6/5PP1/3R2K1,d1d7|2Q5/1Q3pk1/1p2p2p/3nP1p1/p2P4/7P/5PP1/5K2,c8e6
4Q3/5p1p/1p1p2p1/p4k2/1P6/3R2P1/PBP4P/K7,e8f7|R7/R2r4/1k4pp/1P1p1b2/P2P1P2/1K6/3r4/8,a4a5|1k6/1pp5/p7/2p1B3/4B3/P2PpQ2/KPPq4/8,f3f8|8/5Q2/1p4rk/4R2p/8/5P2/1q4P1/7K,f7f8|r4k2/p3r1p1/2pQpN1P/1p3p2/1n1P3P/8/1qb1B3/3RKR2,h6g7
7k/4Q2p/3p1r2/2pPp3/1PP4N/4qpP1/P6P/1R3R1K,e7f6|2k5/8/pQ6/3p4/2p3N1/P3B3/KPP5/3q4,b6c6|2Q5/1R6/8/8/p7/kp1P4/n1K4P/2N5,c1b3|k1n5/pR5p/2p3p1/P1N1p3/2P3P1/3P1B1P/KP2P2r/8,f3c6|8/p1Q2P1P/k2q4/1p6/4p3/8/1P6/1K6,c7d6
r3rk2/1pR4Q/6p1/4p3/p7/4BPP1/q5KP/8,e3f2|4r2N/p1b1q2p/6p1/3Q4/n5k1/2P1B1P1/PP3PNP/6K1,f2f3|8/4k3/7Q/2Np4/2bP4/6P1/5P1P/6K1,h6g7|4Q3/1kp5/3b2p1/7p/B1pNP1q1/P5P1/1P5P/1K6,a4c6|3r2k1/3PQ3/5p1p/r4K2/6P1/8/8/8,f5g6
6Q1/k7/p1p4p/8/3p1r2/P2P1p1b/1PP2q2/1K2R3,e1e7|6k1/5p1p/6p1/6Pq/4Pb1P/1P1R3B/PK3Q2/2r5,d3d8|2R5/1p1nkqp1/1Q5p/5P2/4Pp1P/1P1P4/P3B3/1K5R,b6b4|8/7B/8/8/1p3K2/8/1r3p1k/5R2,h7e4|2r4k/R7/6PK/5P2/8/8/8/8,f5f6
r3q2r/kbB4p/pN6/4Q1p1/3Pp3/4P1pP/PP6/1KR5,e5c5|1Q6/1q3p2/1k2pP1p/1Nb1P3/K1P5/8/7P/8,b8d8|4Q3/7P/8/1P6/1k6/5PP1/6K1/8,h7h8q|5rq1/p2kN3/8/Q6P/4BPn1/2B1P3/1P4P1/1KR5,c1d1|3k4/1Q1p1q1p/1p1P4/4r3/1P3p2/3B3P/K2n1PP1/2R5,c1c4
8/2Rr1kp1/5n2/8/1P2pN2/2Q1PnP1/1B5q/5K2,c3c4|2Q1R3/kp6/2p5/p5P1/P2P4/1PN5/1KP3q1/8,e8e7|1k1B4/r5pp/5p2/8/3p1P2/3Q4/P6P/K1R5,d3b5|3R4/p3Qbkp/1p5r/2p2p2/2P1p1q1/4P1P1/PP4N1/6K1,e7f8|6k1/QR5p/6p1/6P1/4p2P/3p4/6P1/5r1K,h1h2
8/1rQ5/kB5p/p5p1/P5n1/KP2p3/3r4/2R5,c7c6|1Q6/3k2p1/R2p1q1p/2p5/1r2Pp2/1p4P1/3K3P/8,a6a7|7k/1r2qp1P/4p3/3pPp2/b1nP1Q1P/3B4/1p3P1K/6R1,f4g3|7R/5r2/p5k1/4Q2p/P1p5/7p/6q1/4KN2,h8g8|7q/p3R3/1p3n2/1P1p1k2/7P/Q7/2PK4/8,a3f3
Q7/3k4/3P4/2p1B1pp/2P2p2/1P6/6PP/6K1,a8d5|8/5PP1/8/3k4/2N5/PP2R3/8/6K1,f7f8q|8/7p/2p1Q3/pk2B3/8/2P1K1P1/PP6/8,e5d4|8/p2r1Npp/n1R1p3/k4p2/Pp1p1P2/1P4P1/4K1BP/8,f7e5|8/1R5p/k1B5/p1KP4/2p5/6r1/PPb5/8,b7e7
8/8/5Q2/8/3B2PP/8/p1k5/4K3,f6f3|1r5k/8/r4pQ1/P3p1p1/8/4R2P/2R2PPK/5q2,c2c7|1k6/2p1r3/1pR2R2/p1q4p/P3Q2P/2P3r1/1KP5/8,f6f8|8/p1N1Q3/7p/kp2p1p1/4P1P1/7P/PPP5/1KB2q2,e7d6|1Q3bqr/p2kn3/5p1p/r1p1p2B/b1PpP2N/3P4/P5PP/1R2KR2,f1f6
6k1/1q6/5pp1/2Q1p3/1r2bnP1/1PR2N1P/r5BK/3R4,d1d8|4r2k/1b6/5pPp/5p2/2B5/1P2P2P/1KP5/3R4,d1d7|1r5k/4qp1p/p1bp1p2/2n1pPrN/Pnp1P2Q/2N4R/1PPR2PP/7K,h5f6|8/3PQ3/1k5K/7P/8/8/8/8,d7d8q|2b1q3/Qpk2r2/8/2B1p3/P3B3/3P4/1PP2P2/1K6,a7b6
1Q6/1R6/p5kp/b7/2q2P2/3pK1B1/P1p4P/8,b8e8|k7/p3r1p1/Q3p3/2rq3p/1p2p3/1P2P2P/P1P2RP1/1K3R2,f2f8|q3r3/4b1kp/4Q1p1/8/1PpPpR2/2P3P1/5PP1/6K1,f4f7|8/6R1/5p1P/5p1k/5B2/6Pr/4K3/8,h6h7|8/8/8/3p4/pQ1P4/1bP3P1/k2K4/7R,d2c1
4r3/p5Rp/1p1B1k1P/2p5/2b3B1/b3pPK1/2R5/8,c2c4|1k6/1P6/PbK5/2B5/4p3/4P3/8/8,c5d6|1k6/2p2p2/4r1qp/2R5/1P6/P2QP1P1/5P1P/6K1,d3d8|4rr2/7k/R4p1p/1p3N2/5NPP/1B3Q2/2P5/2K5,f3b7|4rk2/7Q/b1p1Pr1p/3p1B2/3P2P1/4q3/PP3RK1/7R,h7h8
3r4/pk1P2rp/1q4p1/RBp2p2/4p3/Q6P/5PP1/R4K2,a5a7|4r3/5RBk/1pb5/5Np1/p7/P1Pn4/BP3bPP/7K,g7e5|4Q3/q3b1kp/3p2p1/4p1P1/8/P7/KP6/2R5,c1f1|8/8/2KN3r/3R4/1P6/6k1/3Q4/8,d5d3|3rb3/4R3/3B2p1/3PPk1p/5P2/3P2K1/7P/8,e7e6
8/8/8/8/2p5/8/4KQp1/7k,f2h4|4k3/3R3p/4B3/3P1p2/1p4qP/4PpP1/1B3P2/6K1,b2f6|6k1/R7/3K4/8/4N3/P6P/8/3N4,d6e6|r6k/pR4b1/2p3P1/7P/2B5/8/2P5/7K,h5h6|1k1r4/p3R2p/6p1/2p5/7r/1P1p3N/PKR3B1/8,e7b7
1k6/p2Q4/q2nBp2/1r2b3/1p2P3/4B3/PPR3P1/1K6,d7d8|2k5/p1p4p/2R3p1/1Q3p2/8/P2P2Pq/1PP4P/1K5R,b5e5|4Q3/P7/2p5/8/3k4/8/7p/7K,a7a8q|k1rq4/p2r4/Q4b1p/1RBp2p1/3Ppp2/7P/PR1P1PP1/K7,b5b7|2k5/r5p1/2PBR3/8/p2p2P1/1bq2Q1P/8/KR6,f3c3
4k3/2Q5/p1p5/4B3/4p3/4P3/2P1KP2/7r,e5d6|1r5b/1p3k1p/1R5B/2pPpPQp/p1P5/3K1P2/P5P1/8,b6e6|2k3r1/pR3p2/3Pp1r1/4Pnb1/P2P1BPp/3q1B1P/5QK1/R7,a1c1|k7/r3Q2p/4n1b1/8/1p2pP2/1P2P3/P1P5/1K1R4,e7e6|6k1/4Rp2/3r4/6KP/6Q1/4NP2/1P5q/8,g4c8
4R3/k1p5/1pP5/3N2B1/1PP4P/2P5/p1K5/1r6,d5c7|8/6p1/4p3/3bP3/1Q3Pqp/2R3P1/4rkPK/8,b4d4|4r3/1p3k2/1q3P1p/p7/3p2Q1/P2P2P1/b3P3/5RK1,g4d7|5n1k/4R3/5N2/p3p3/4P2p/4BP1K/2r3PP/8,e3h6|8/3P1k2/2N2N2/8/6P1/4PK2/8/8,d7d8q
6R1/4p2k/p2pQ3/2p4p/2P1q1r1/7K/P7/8,e6f7|3bqnk1/6B1/p1r2p2/Pp1NpN2/1Pn1P1Q1/7P/5PPK/3R4,g7f8|1k6/2p5/2P5/8/K7/2Q2P2/4q3/8,c3b4|2Q5/p7/1pp5/2r1B1P1/k4P2/8/1PP5/1K3R2,c8a6|5k2/4R3/1p6/4P3/2PPB3/1P6/P1K5/1R6,e7b7
8/p5k1/1p1B1pp1/2p1pP2/4R3/PP5P/1KBN1P2/R6Q,e4h4|1kr5/8/Q2PP3/4n1pp/2B5/2P5/PP2KPPP/2R1R3,a6b6|8/1kp4p/1p2R3/p2P2q1/P4p2/1P6/K1Q4P/8,c2c6|rk5r/1p2R2p/2p5/2Q3p1/pP6/3q1BP1/PKR3P1/8,e7b7|3kr1r1/2p2p2/2P5/4PP1p/1Q4p1/8/5K1P/8,f5f6
2r3k1/5p1p/p4B2/5pPQ/n7/1N6/PPq2b2/K2R4,h5h7|4k3/R7/6n1/1P1r4/5PQb/B1PqP2P/7P/1N2R1K1,g4e6|2r2r1k/4R2p/2qP1ppb/2P5/1pQB2b1/8/PKN2R1P/8,f2f6|8/p5k1/4R3/6p1/8/1P6/P1K3PP/4R3,e6e7|b1k3r1/5qr1/4p3/1QBp1n2/3P3p/2P1p2N/2P3PP/1R5K,b5b8
4r3/pp4R1/3kbR2/8/2Q5/2P5/P5PP/3qrB1K,c4c7|1r1q2r1/1b3k2/p1nPR2Q/5pp1/1P1N3p/2P5/5PPP/4R1K1,d4c6|4k3/8/2nP2p1/p7/3pPB1P/3P3Q/6K1/3q1B2,h3e6|2r4r/1p4pk/2p2p2/B1P1p3/Pn4Qp/1q4P1/5P2/3RR1K1,d1d7|2b1q1k1/5p2/n1N1pQp1/p2pP1Np/P6P/8/1P3PP1/6K1,c6e7
6k1/3q1p1b/p2P1Q1p/1pp2P2/2P5/P2P2NP/6P1/6K1,g3h5|8/5Q2/4pP2/3p2P1/8/pp6/k6K/7R,f7e6|6k1/R7/4K3/8/6N1/8/8/5r2,g4f6|k7/pr2q2p/2Qnp1p1/2Np4/1R1R1P2/1P2n3/2P3PP/2K5,b4b7|Q7/p1k3rp/1p3N2/5p2/6b1/1P6/P1PP1q2/1K2R3,f6e8
4r3/5k2/3PbNpp/4B1n1/1pQ5/4R2P/1P4PK/3q4,c4c7|3r4/p5k1/1p2R2p/1q1B1Qb1/3p2P1/2P5/PP6/7K,e6g6|1k5r/2R3pp/2n2q2/1Np1p1N1/2Q3P1/7P/1PP2P2/5K2,c4c5|2n5/4Q3/k7/p1Kp4/1p6/8/8/1N6,e7c7|8/P1p5/7r/2P1k3/5R2/2P1Pp2/KP6/8,a7a8q
